[2025-12-11T01:41:31.751+0000] {taskinstance.py:1157} INFO - Dependencies all met for dep_context=non-requeueable deps ti=<TaskInstance: process_protest_phase_data.process_during_protest manual__2025-12-11T01:41:26.282466+00:00 [queued]>
[2025-12-11T01:41:31.757+0000] {taskinstance.py:1157} INFO - Dependencies all met for dep_context=requeueable deps ti=<TaskInstance: process_protest_phase_data.process_during_protest manual__2025-12-11T01:41:26.282466+00:00 [queued]>
[2025-12-11T01:41:31.758+0000] {taskinstance.py:1359} INFO - Starting attempt 1 of 3
[2025-12-11T01:41:31.774+0000] {taskinstance.py:1380} INFO - Executing <Task(PythonOperator): process_during_protest> on 2025-12-11 01:41:26.282466+00:00
[2025-12-11T01:41:31.782+0000] {standard_task_runner.py:57} INFO - Started process 99 to run task
[2025-12-11T01:41:31.787+0000] {standard_task_runner.py:84} INFO - Running: ['airflow', 'tasks', 'run', 'process_protest_phase_data', 'process_during_protest', 'manual__2025-12-11T01:41:26.282466+00:00', '--job-id', '20', '--raw', '--subdir', 'DAGS_FOLDER/redditdag.py', '--cfg-path', '/tmp/tmpb3ttlqan']
[2025-12-11T01:41:31.791+0000] {standard_task_runner.py:85} INFO - Job 20: Subtask process_during_protest
[2025-12-11T01:41:31.839+0000] {task_command.py:415} INFO - Running <TaskInstance: process_protest_phase_data.process_during_protest manual__2025-12-11T01:41:26.282466+00:00 [running]> on host 0f39f181a760
[2025-12-11T01:41:31.899+0000] {taskinstance.py:1660} INFO - Exporting env vars: AIRFLOW_CTX_DAG_OWNER='Sayuj Chapagain' AIRFLOW_CTX_DAG_ID='process_protest_phase_data' AIRFLOW_CTX_TASK_ID='process_during_protest' AIRFLOW_CTX_EXECUTION_DATE='2025-12-11T01:41:26.282466+00:00' AIRFLOW_CTX_TRY_NUMBER='1' AIRFLOW_CTX_DAG_RUN_ID='manual__2025-12-11T01:41:26.282466+00:00'
[2025-12-11T01:41:31.901+0000] {reddit_processing_pipeline.py:410} INFO - ============================================================
[2025-12-11T01:41:31.901+0000] {reddit_processing_pipeline.py:411} INFO - PROCESSING PHASE: DURING
[2025-12-11T01:41:31.902+0000] {reddit_processing_pipeline.py:412} INFO - Date Range: 20250908 to 20250909
[2025-12-11T01:41:31.902+0000] {reddit_processing_pipeline.py:413} INFO - ============================================================
[2025-12-11T01:41:31.902+0000] {reddit_processing_pipeline.py:416} INFO - STEP 1: Finding files in date range...
[2025-12-11T01:41:33.374+0000] {reddit_processing_pipeline.py:78} INFO - Found file in range: raw/reddit_20250908.csv
[2025-12-11T01:41:33.374+0000] {reddit_processing_pipeline.py:78} INFO - Found file in range: raw/reddit_20250909.csv
[2025-12-11T01:41:33.374+0000] {reddit_processing_pipeline.py:83} INFO - Found 2 files between 20250908 and 20250909
[2025-12-11T01:41:33.376+0000] {reddit_processing_pipeline.py:424} INFO - STEP 2: Downloading and combining files...
[2025-12-11T01:41:33.380+0000] {reddit_processing_pipeline.py:94} INFO - Downloading raw/reddit_20250908.csv from bucket reddit-s3
[2025-12-11T01:41:43.457+0000] {reddit_processing_pipeline.py:98} INFO - Successfully loaded 1944 records from raw/reddit_20250908.csv
[2025-12-11T01:41:43.463+0000] {reddit_processing_pipeline.py:94} INFO - Downloading raw/reddit_20250909.csv from bucket reddit-s3
[2025-12-11T01:41:54.011+0000] {reddit_processing_pipeline.py:98} INFO - Successfully loaded 2807 records from raw/reddit_20250909.csv
[2025-12-11T01:41:54.014+0000] {reddit_processing_pipeline.py:128} INFO - Combined 2 files into 4751 total records
[2025-12-11T01:41:54.014+0000] {reddit_processing_pipeline.py:432} INFO - STEP 3: Cleaning data...
[2025-12-11T01:41:54.015+0000] {reddit_processing_pipeline.py:135} INFO - Starting data cleaning...
[2025-12-11T01:41:54.016+0000] {reddit_processing_pipeline.py:138} INFO - Removed 0 duplicate records
[2025-12-11T01:41:54.022+0000] {reddit_processing_pipeline.py:147} INFO - Cleaned data: 4751 records remaining
[2025-12-11T01:41:54.022+0000] {reddit_processing_pipeline.py:436} INFO - STEP 4: Performing sentiment analysis...
[2025-12-11T01:41:54.022+0000] {reddit_processing_pipeline.py:236} INFO - Initializing enhanced sentiment analysis...
[2025-12-11T01:42:03.169+0000] {log.py:232} WARNING - Device set to use cpu
[2025-12-11T01:42:03.170+0000] {reddit_processing_pipeline.py:246} INFO - Running enhanced sentiment analysis on 4751 records...
[2025-12-11T01:42:03.170+0000] {reddit_processing_pipeline.py:250} WARNING - Processing first 1000 records
[2025-12-11T01:42:08.983+0000] {reddit_processing_pipeline.py:310} INFO - Processed batch 10/125
[2025-12-11T01:42:10.723+0000] {reddit_processing_pipeline.py:310} INFO - Processed batch 20/125
[2025-12-11T01:43:32.708+0000] {reddit_processing_pipeline.py:310} INFO - Processed batch 30/125
[2025-12-11T01:44:46.013+0000] {reddit_processing_pipeline.py:310} INFO - Processed batch 40/125
[2025-12-11T01:46:37.737+0000] {reddit_processing_pipeline.py:310} INFO - Processed batch 50/125
[2025-12-11T01:48:40.420+0000] {reddit_processing_pipeline.py:310} INFO - Processed batch 60/125
[2025-12-11T01:50:29.848+0000] {reddit_processing_pipeline.py:310} INFO - Processed batch 70/125
[2025-12-11T01:52:34.675+0000] {reddit_processing_pipeline.py:310} INFO - Processed batch 80/125
[2025-12-11T01:54:26.642+0000] {reddit_processing_pipeline.py:310} INFO - Processed batch 90/125
[2025-12-11T01:56:15.287+0000] {reddit_processing_pipeline.py:310} INFO - Processed batch 100/125
[2025-12-11T01:58:19.096+0000] {reddit_processing_pipeline.py:310} INFO - Processed batch 110/125
[2025-12-11T02:00:08.586+0000] {reddit_processing_pipeline.py:310} INFO - Processed batch 120/125
[2025-12-11T02:01:05.161+0000] {reddit_processing_pipeline.py:310} INFO - Processed batch 125/125
[2025-12-11T02:01:05.197+0000] {reddit_processing_pipeline.py:341} INFO - Enhanced sentiment analysis completed!
[2025-12-11T02:01:05.203+0000] {reddit_processing_pipeline.py:342} INFO - 
Sentiment distribution:
sentiment
NEUTRAL     3751
NEGATIVE     765
POSITIVE     235
Name: count, dtype: int64
[2025-12-11T02:01:05.205+0000] {reddit_processing_pipeline.py:343} INFO - 
Narrative distribution:
narrative_frame
general_discussion      4492
youth_empowerment         73
government_criticism      66
media_freedom             48
anti_corruption           47
reform_advocacy           25
Name: count, dtype: int64
[2025-12-11T02:01:05.206+0000] {reddit_processing_pipeline.py:344} INFO - 
Dominant emotion distribution:
dominant_emotion
neutral        3751
anger           918
hope             30
frustration      20
sadness          13
fear             10
joy               9
Name: count, dtype: int64
[2025-12-11T02:01:05.221+0000] {reddit_processing_pipeline.py:440} INFO - STEP 5: Saving to S3...
[2025-12-11T02:01:05.320+0000] {reddit_processing_pipeline.py:361} INFO - Uploading processed data to S3: processed/during_phase_20250908_20250909_processed.csv
[2025-12-11T02:01:10.866+0000] {reddit_processing_pipeline.py:367} INFO - Successfully uploaded processed data to S3
[2025-12-11T02:01:10.874+0000] {reddit_processing_pipeline.py:445} INFO - STEP 6: Saving to Postgres...
[2025-12-11T02:01:10.881+0000] {reddit_processing_pipeline.py:385} INFO - Connecting to Postgres database...
[2025-12-11T02:01:10.884+0000] {reddit_processing_pipeline.py:391} INFO - Saving 4751 records to Postgres table 'reddit_sentiment' with phase 'during'
[2025-12-11T02:01:20.845+0000] {reddit_processing_pipeline.py:394} INFO - Successfully saved to Postgres!
[2025-12-11T02:01:20.846+0000] {reddit_processing_pipeline.py:448} INFO - ============================================================
[2025-12-11T02:01:20.847+0000] {reddit_processing_pipeline.py:449} INFO - PHASE DURING COMPLETED SUCCESSFULLY!
[2025-12-11T02:01:20.848+0000] {reddit_processing_pipeline.py:450} INFO - Processed 4751 records from 2 files
[2025-12-11T02:01:20.848+0000] {reddit_processing_pipeline.py:451} INFO - ============================================================
[2025-12-11T02:01:20.850+0000] {python.py:194} INFO - Done. Returned value was: Processed 4751 records for phase during
[2025-12-11T02:01:20.881+0000] {taskinstance.py:1398} INFO - Marking task as SUCCESS. dag_id=process_protest_phase_data, task_id=process_during_protest, execution_date=20251211T014126, start_date=20251211T014131, end_date=20251211T020120
[2025-12-11T02:01:21.058+0000] {local_task_job_runner.py:228} INFO - Task exited with return code 0
[2025-12-11T02:01:21.075+0000] {taskinstance.py:2776} INFO - 0 downstream tasks scheduled from follow-on schedule check
