[2025-12-08T18:11:20.993+0000] {taskinstance.py:1157} INFO - Dependencies all met for dep_context=non-requeueable deps ti=<TaskInstance: etl_reddit_pipeline.process_reddit_data manual__2025-12-08T18:11:03.951391+00:00 [queued]>
[2025-12-08T18:11:20.999+0000] {taskinstance.py:1157} INFO - Dependencies all met for dep_context=requeueable deps ti=<TaskInstance: etl_reddit_pipeline.process_reddit_data manual__2025-12-08T18:11:03.951391+00:00 [queued]>
[2025-12-08T18:11:20.999+0000] {taskinstance.py:1359} INFO - Starting attempt 1 of 3
[2025-12-08T18:11:21.007+0000] {taskinstance.py:1380} INFO - Executing <Task(PythonOperator): process_reddit_data> on 2025-12-08 18:11:03.951391+00:00
[2025-12-08T18:11:21.016+0000] {standard_task_runner.py:57} INFO - Started process 135 to run task
[2025-12-08T18:11:21.020+0000] {standard_task_runner.py:84} INFO - Running: ['airflow', 'tasks', 'run', 'etl_reddit_pipeline', 'process_reddit_data', 'manual__2025-12-08T18:11:03.951391+00:00', '--job-id', '19', '--raw', '--subdir', 'DAGS_FOLDER/redditdag.py', '--cfg-path', '/tmp/tmp94tmkgcf']
[2025-12-08T18:11:21.023+0000] {standard_task_runner.py:85} INFO - Job 19: Subtask process_reddit_data
[2025-12-08T18:11:21.053+0000] {task_command.py:415} INFO - Running <TaskInstance: etl_reddit_pipeline.process_reddit_data manual__2025-12-08T18:11:03.951391+00:00 [running]> on host 62598470f30e
[2025-12-08T18:11:21.103+0000] {taskinstance.py:1660} INFO - Exporting env vars: AIRFLOW_CTX_DAG_OWNER='Sayuj Chapagain' AIRFLOW_CTX_DAG_ID='etl_reddit_pipeline' AIRFLOW_CTX_TASK_ID='process_reddit_data' AIRFLOW_CTX_EXECUTION_DATE='2025-12-08T18:11:03.951391+00:00' AIRFLOW_CTX_TRY_NUMBER='1' AIRFLOW_CTX_DAG_RUN_ID='manual__2025-12-08T18:11:03.951391+00:00'
[2025-12-08T18:11:21.104+0000] {reddit_processing_pipeline.py:377} INFO - ==================================================
[2025-12-08T18:11:21.105+0000] {reddit_processing_pipeline.py:378} INFO - STEP 1: Downloading raw data from S3
[2025-12-08T18:11:21.105+0000] {reddit_processing_pipeline.py:379} INFO - ==================================================
[2025-12-08T18:11:21.163+0000] {reddit_processing_pipeline.py:41} INFO - Downloading raw/reddit_20251208.csv from bucket reddit-s3
[2025-12-08T18:11:22.162+0000] {reddit_processing_pipeline.py:45} INFO - Successfully loaded 61 records from S3
[2025-12-08T18:11:22.165+0000] {reddit_processing_pipeline.py:382} INFO - ==================================================
[2025-12-08T18:11:22.166+0000] {reddit_processing_pipeline.py:383} INFO - STEP 2: Cleaning data
[2025-12-08T18:11:22.166+0000] {reddit_processing_pipeline.py:384} INFO - ==================================================
[2025-12-08T18:11:22.166+0000] {reddit_processing_pipeline.py:54} INFO - Starting data cleaning...
[2025-12-08T18:11:22.168+0000] {reddit_processing_pipeline.py:57} INFO - Removed 0 duplicate records
[2025-12-08T18:11:22.171+0000] {reddit_processing_pipeline.py:64} INFO - Cleaned data: 61 records remaining
[2025-12-08T18:11:22.171+0000] {reddit_processing_pipeline.py:387} INFO - ==================================================
[2025-12-08T18:11:22.171+0000] {reddit_processing_pipeline.py:388} INFO - STEP 3: Performing enhanced sentiment analysis
[2025-12-08T18:11:22.171+0000] {reddit_processing_pipeline.py:389} INFO - ==================================================
[2025-12-08T18:11:22.171+0000] {reddit_processing_pipeline.py:189} INFO - Initializing enhanced sentiment analysis...
[2025-12-08T18:11:23.814+0000] {log.py:232} WARNING - Device set to use cpu
[2025-12-08T18:11:23.814+0000] {reddit_processing_pipeline.py:200} INFO - Running enhanced sentiment analysis on 61 records...
[2025-12-08T18:11:24.631+0000] {reddit_processing_pipeline.py:273} INFO - Processed batch 5/16
[2025-12-08T18:11:25.108+0000] {reddit_processing_pipeline.py:273} INFO - Processed batch 10/16
[2025-12-08T18:11:25.520+0000] {reddit_processing_pipeline.py:273} INFO - Processed batch 15/16
[2025-12-08T18:11:25.542+0000] {reddit_processing_pipeline.py:273} INFO - Processed batch 16/16
[2025-12-08T18:11:25.550+0000] {reddit_processing_pipeline.py:311} INFO - Enhanced sentiment analysis completed!
[2025-12-08T18:11:25.552+0000] {reddit_processing_pipeline.py:312} INFO - 
Sentiment distribution:
sentiment
NEGATIVE    37
POSITIVE    24
Name: count, dtype: int64
[2025-12-08T18:11:25.553+0000] {reddit_processing_pipeline.py:313} INFO - 
Narrative distribution:
narrative_frame
general_discussion    58
reform_advocacy        3
Name: count, dtype: int64
[2025-12-08T18:11:25.554+0000] {reddit_processing_pipeline.py:314} INFO - 
Dominant emotion distribution:
dominant_emotion
anger          55
hope            4
frustration     2
Name: count, dtype: int64
[2025-12-08T18:11:25.563+0000] {reddit_processing_pipeline.py:392} INFO - ==================================================
[2025-12-08T18:11:25.563+0000] {reddit_processing_pipeline.py:393} INFO - STEP 4: Saving to S3
[2025-12-08T18:11:25.563+0000] {reddit_processing_pipeline.py:394} INFO - ==================================================
[2025-12-08T18:11:25.570+0000] {reddit_processing_pipeline.py:332} INFO - Uploading processed data to S3: processed/reddit_20251208_processed.csv
[2025-12-08T18:11:26.866+0000] {reddit_processing_pipeline.py:338} INFO - Successfully uploaded processed data to S3
[2025-12-08T18:11:26.870+0000] {reddit_processing_pipeline.py:397} INFO - ==================================================
[2025-12-08T18:11:26.872+0000] {reddit_processing_pipeline.py:398} INFO - STEP 5: Saving to Postgres
[2025-12-08T18:11:26.872+0000] {reddit_processing_pipeline.py:399} INFO - ==================================================
[2025-12-08T18:11:26.873+0000] {reddit_processing_pipeline.py:356} INFO - Connecting to Postgres database...
[2025-12-08T18:11:26.876+0000] {reddit_processing_pipeline.py:361} INFO - Saving 61 records to Postgres table 'reddit_sentiment'
[2025-12-08T18:11:26.940+0000] {reddit_processing_pipeline.py:364} INFO - Successfully saved to Postgres!
[2025-12-08T18:11:26.941+0000] {reddit_processing_pipeline.py:402} INFO - ==================================================
[2025-12-08T18:11:26.941+0000] {reddit_processing_pipeline.py:403} INFO - PIPELINE COMPLETED SUCCESSFULLY!
[2025-12-08T18:11:26.941+0000] {reddit_processing_pipeline.py:404} INFO - ==================================================
[2025-12-08T18:11:26.942+0000] {python.py:194} INFO - Done. Returned value was: Processed 61 records
[2025-12-08T18:11:26.956+0000] {taskinstance.py:1398} INFO - Marking task as SUCCESS. dag_id=etl_reddit_pipeline, task_id=process_reddit_data, execution_date=20251208T181103, start_date=20251208T181120, end_date=20251208T181126
[2025-12-08T18:11:27.013+0000] {local_task_job_runner.py:228} INFO - Task exited with return code 0
[2025-12-08T18:11:27.024+0000] {taskinstance.py:2776} INFO - 0 downstream tasks scheduled from follow-on schedule check
