[2025-12-08T06:19:56.279+0000] {taskinstance.py:1157} INFO - Dependencies all met for dep_context=non-requeueable deps ti=<TaskInstance: etl_reddit_pipeline.reddit_extraction manual__2025-12-08T06:19:53.963009+00:00 [queued]>
[2025-12-08T06:19:56.285+0000] {taskinstance.py:1157} INFO - Dependencies all met for dep_context=requeueable deps ti=<TaskInstance: etl_reddit_pipeline.reddit_extraction manual__2025-12-08T06:19:53.963009+00:00 [queued]>
[2025-12-08T06:19:56.285+0000] {taskinstance.py:1359} INFO - Starting attempt 1 of 1
[2025-12-08T06:19:56.294+0000] {taskinstance.py:1380} INFO - Executing <Task(PythonOperator): reddit_extraction> on 2025-12-08 06:19:53.963009+00:00
[2025-12-08T06:19:56.299+0000] {standard_task_runner.py:57} INFO - Started process 58 to run task
[2025-12-08T06:19:56.302+0000] {standard_task_runner.py:84} INFO - Running: ['airflow', 'tasks', 'run', 'etl_reddit_pipeline', 'reddit_extraction', 'manual__2025-12-08T06:19:53.963009+00:00', '--job-id', '17', '--raw', '--subdir', 'DAGS_FOLDER/redditdag.py', '--cfg-path', '/tmp/tmp7z13osy4']
[2025-12-08T06:19:56.305+0000] {standard_task_runner.py:85} INFO - Job 17: Subtask reddit_extraction
[2025-12-08T06:19:56.342+0000] {task_command.py:415} INFO - Running <TaskInstance: etl_reddit_pipeline.reddit_extraction manual__2025-12-08T06:19:53.963009+00:00 [running]> on host 8790e0a659d5
[2025-12-08T06:19:56.409+0000] {taskinstance.py:1660} INFO - Exporting env vars: AIRFLOW_CTX_DAG_OWNER='Sayuj Chapagain' AIRFLOW_CTX_DAG_ID='etl_reddit_pipeline' AIRFLOW_CTX_TASK_ID='reddit_extraction' AIRFLOW_CTX_EXECUTION_DATE='2025-12-08T06:19:53.963009+00:00' AIRFLOW_CTX_TRY_NUMBER='1' AIRFLOW_CTX_DAG_RUN_ID='manual__2025-12-08T06:19:53.963009+00:00'
[2025-12-08T06:19:56.849+0000] {logging_mixin.py:151} WARNING - Version 7.7.1 of praw is outdated. Version 7.8.1 was released Friday October 25, 2024.
[2025-12-08T06:19:56.849+0000] {logging_mixin.py:151} INFO - connected to reddit!
[2025-12-08T06:19:56.850+0000] {logging_mixin.py:151} INFO - <praw.models.listing.generator.ListingGenerator object at 0x7f5c1a8075d0>
[2025-12-08T06:19:57.972+0000] {taskinstance.py:1935} ERROR - Task failed with exception
Traceback (most recent call last):
  File "/home/airflow/.local/lib/python3.11/site-packages/airflow/operators/python.py", line 192, in execute
    return_value = self.execute_callable()
                   ^^^^^^^^^^^^^^^^^^^^^^^
  File "/home/airflow/.local/lib/python3.11/site-packages/airflow/operators/python.py", line 209, in execute_callable
    return self.python_callable(*self.op_args, **self.op_kwargs)
           ^^^^^^^^^^^^^^^^^^^^^^^^^^^^^^^^^^^^^^^^^^^^^^^^^^^^^
  File "/opt/airflow/pipelines/reddit_pipeline.py", line 10, in reddit_pipeline
    post_df=transform_data(post_df)
            ^^^^^^^^^^^^^^^^^^^^^^^
  File "/opt/airflow/etls/reddit_etl.py", line 41, in transform_data
    post_df['created_utc'] = pd.to_datetime(post_df['created_utc'], unit='s')
                                            ~~~~~~~^^^^^^^^^^^^^^^
  File "/home/airflow/.local/lib/python3.11/site-packages/pandas/core/frame.py", line 3893, in __getitem__
    indexer = self.columns.get_loc(key)
              ^^^^^^^^^^^^^^^^^^^^^^^^^
  File "/home/airflow/.local/lib/python3.11/site-packages/pandas/core/indexes/range.py", line 418, in get_loc
    raise KeyError(key)
KeyError: 'created_utc'
[2025-12-08T06:19:57.987+0000] {taskinstance.py:1398} INFO - Marking task as FAILED. dag_id=etl_reddit_pipeline, task_id=reddit_extraction, execution_date=20251208T061953, start_date=20251208T061956, end_date=20251208T061957
[2025-12-08T06:19:57.995+0000] {standard_task_runner.py:104} ERROR - Failed to execute job 17 for task reddit_extraction ('created_utc'; 58)
[2025-12-08T06:19:58.038+0000] {local_task_job_runner.py:228} INFO - Task exited with return code 1
[2025-12-08T06:19:58.075+0000] {taskinstance.py:2776} INFO - 0 downstream tasks scheduled from follow-on schedule check
