[2025-12-08T11:14:16.051+0000] {taskinstance.py:1157} INFO - Dependencies all met for dep_context=non-requeueable deps ti=<TaskInstance: etl_reddit_pipeline.process_reddit_data manual__2025-12-08T11:03:43.213663+00:00 [queued]>
[2025-12-08T11:14:16.057+0000] {taskinstance.py:1157} INFO - Dependencies all met for dep_context=requeueable deps ti=<TaskInstance: etl_reddit_pipeline.process_reddit_data manual__2025-12-08T11:03:43.213663+00:00 [queued]>
[2025-12-08T11:14:16.057+0000] {taskinstance.py:1359} INFO - Starting attempt 1 of 3
[2025-12-08T11:14:16.066+0000] {taskinstance.py:1380} INFO - Executing <Task(PythonOperator): process_reddit_data> on 2025-12-08 11:03:43.213663+00:00
[2025-12-08T11:14:16.077+0000] {standard_task_runner.py:57} INFO - Started process 111 to run task
[2025-12-08T11:14:16.081+0000] {standard_task_runner.py:84} INFO - Running: ['airflow', 'tasks', 'run', 'etl_reddit_pipeline', 'process_reddit_data', 'manual__2025-12-08T11:03:43.213663+00:00', '--job-id', '53', '--raw', '--subdir', 'DAGS_FOLDER/redditdag.py', '--cfg-path', '/tmp/tmpd49xwl1a']
[2025-12-08T11:14:16.084+0000] {standard_task_runner.py:85} INFO - Job 53: Subtask process_reddit_data
[2025-12-08T11:14:16.114+0000] {task_command.py:415} INFO - Running <TaskInstance: etl_reddit_pipeline.process_reddit_data manual__2025-12-08T11:03:43.213663+00:00 [running]> on host e0fac44417fa
[2025-12-08T11:14:16.163+0000] {taskinstance.py:1660} INFO - Exporting env vars: AIRFLOW_CTX_DAG_OWNER='Sayuj Chapagain' AIRFLOW_CTX_DAG_ID='etl_reddit_pipeline' AIRFLOW_CTX_TASK_ID='process_reddit_data' AIRFLOW_CTX_EXECUTION_DATE='2025-12-08T11:03:43.213663+00:00' AIRFLOW_CTX_TRY_NUMBER='1' AIRFLOW_CTX_DAG_RUN_ID='manual__2025-12-08T11:03:43.213663+00:00'
[2025-12-08T11:14:16.165+0000] {reddit_processing_pipeline.py:235} INFO - ==================================================
[2025-12-08T11:14:16.165+0000] {reddit_processing_pipeline.py:236} INFO - STEP 1: Downloading raw data from S3
[2025-12-08T11:14:16.165+0000] {reddit_processing_pipeline.py:237} INFO - ==================================================
[2025-12-08T11:14:16.270+0000] {reddit_processing_pipeline.py:39} INFO - Downloading raw/reddit_20251208.csv from bucket reddit-s3
[2025-12-08T11:14:17.190+0000] {reddit_processing_pipeline.py:45} INFO - Successfully loaded 3 records from S3
[2025-12-08T11:14:17.192+0000] {reddit_processing_pipeline.py:241} INFO - ==================================================
[2025-12-08T11:14:17.193+0000] {reddit_processing_pipeline.py:242} INFO - STEP 2: Cleaning data
[2025-12-08T11:14:17.193+0000] {reddit_processing_pipeline.py:243} INFO - ==================================================
[2025-12-08T11:14:17.193+0000] {reddit_processing_pipeline.py:55} INFO - Starting data cleaning...
[2025-12-08T11:14:17.195+0000] {reddit_processing_pipeline.py:60} INFO - Removed 0 duplicate records
[2025-12-08T11:14:17.198+0000] {reddit_processing_pipeline.py:75} INFO - Cleaned data: 3 records remaining
[2025-12-08T11:14:17.199+0000] {reddit_processing_pipeline.py:247} INFO - ==================================================
[2025-12-08T11:14:17.199+0000] {reddit_processing_pipeline.py:248} INFO - STEP 3: Performing sentiment analysis
[2025-12-08T11:14:17.199+0000] {reddit_processing_pipeline.py:249} INFO - ==================================================
[2025-12-08T11:14:17.199+0000] {reddit_processing_pipeline.py:87} INFO - Initializing sentiment analysis model...
[2025-12-08T11:14:32.001+0000] {local_task_job_runner.py:228} INFO - Task exited with return code -9
[2025-12-08T11:14:32.018+0000] {taskinstance.py:2776} INFO - 0 downstream tasks scheduled from follow-on schedule check
