[2025-12-10T13:46:13.039+0000] {taskinstance.py:1157} INFO - Dependencies all met for dep_context=non-requeueable deps ti=<TaskInstance: process_protest_phase_data.process_before_protest manual__2025-12-10T13:46:07.687778+00:00 [queued]>
[2025-12-10T13:46:13.045+0000] {taskinstance.py:1157} INFO - Dependencies all met for dep_context=requeueable deps ti=<TaskInstance: process_protest_phase_data.process_before_protest manual__2025-12-10T13:46:07.687778+00:00 [queued]>
[2025-12-10T13:46:13.045+0000] {taskinstance.py:1359} INFO - Starting attempt 1 of 3
[2025-12-10T13:46:13.056+0000] {taskinstance.py:1380} INFO - Executing <Task(PythonOperator): process_before_protest> on 2025-12-10 13:46:07.687778+00:00
[2025-12-10T13:46:13.069+0000] {standard_task_runner.py:57} INFO - Started process 62 to run task
[2025-12-10T13:46:13.073+0000] {standard_task_runner.py:84} INFO - Running: ['airflow', 'tasks', 'run', 'process_protest_phase_data', 'process_before_protest', 'manual__2025-12-10T13:46:07.687778+00:00', '--job-id', '3', '--raw', '--subdir', 'DAGS_FOLDER/redditdag.py', '--cfg-path', '/tmp/tmp1gisb4bz']
[2025-12-10T13:46:13.080+0000] {standard_task_runner.py:85} INFO - Job 3: Subtask process_before_protest
[2025-12-10T13:46:13.144+0000] {task_command.py:415} INFO - Running <TaskInstance: process_protest_phase_data.process_before_protest manual__2025-12-10T13:46:07.687778+00:00 [running]> on host 76f313cf7a0c
[2025-12-10T13:46:13.201+0000] {taskinstance.py:1660} INFO - Exporting env vars: AIRFLOW_CTX_DAG_OWNER='Sayuj Chapagain' AIRFLOW_CTX_DAG_ID='process_protest_phase_data' AIRFLOW_CTX_TASK_ID='process_before_protest' AIRFLOW_CTX_EXECUTION_DATE='2025-12-10T13:46:07.687778+00:00' AIRFLOW_CTX_TRY_NUMBER='1' AIRFLOW_CTX_DAG_RUN_ID='manual__2025-12-10T13:46:07.687778+00:00'
[2025-12-10T13:46:13.203+0000] {reddit_processing_pipeline.py:408} INFO - ============================================================
[2025-12-10T13:46:13.204+0000] {reddit_processing_pipeline.py:409} INFO - PROCESSING PHASE: BEFORE
[2025-12-10T13:46:13.204+0000] {reddit_processing_pipeline.py:410} INFO - Date Range: 20251001 to 20251010
[2025-12-10T13:46:13.205+0000] {reddit_processing_pipeline.py:411} INFO - ============================================================
[2025-12-10T13:46:13.205+0000] {reddit_processing_pipeline.py:414} INFO - STEP 1: Finding files in date range...
[2025-12-10T13:46:14.302+0000] {reddit_processing_pipeline.py:78} INFO - Found file in range: raw/reddit_20251001.csv
[2025-12-10T13:46:14.303+0000] {reddit_processing_pipeline.py:78} INFO - Found file in range: raw/reddit_20251002.csv
[2025-12-10T13:46:14.303+0000] {reddit_processing_pipeline.py:78} INFO - Found file in range: raw/reddit_20251003.csv
[2025-12-10T13:46:14.304+0000] {reddit_processing_pipeline.py:78} INFO - Found file in range: raw/reddit_20251004.csv
[2025-12-10T13:46:14.304+0000] {reddit_processing_pipeline.py:78} INFO - Found file in range: raw/reddit_20251005.csv
[2025-12-10T13:46:14.304+0000] {reddit_processing_pipeline.py:78} INFO - Found file in range: raw/reddit_20251006.csv
[2025-12-10T13:46:14.305+0000] {reddit_processing_pipeline.py:78} INFO - Found file in range: raw/reddit_20251007.csv
[2025-12-10T13:46:14.307+0000] {reddit_processing_pipeline.py:78} INFO - Found file in range: raw/reddit_20251008.csv
[2025-12-10T13:46:14.307+0000] {reddit_processing_pipeline.py:78} INFO - Found file in range: raw/reddit_20251009.csv
[2025-12-10T13:46:14.308+0000] {reddit_processing_pipeline.py:78} INFO - Found file in range: raw/reddit_20251010.csv
[2025-12-10T13:46:14.308+0000] {reddit_processing_pipeline.py:83} INFO - Found 10 files between 20251001 and 20251010
[2025-12-10T13:46:14.310+0000] {reddit_processing_pipeline.py:422} INFO - STEP 2: Downloading and combining files...
[2025-12-10T13:46:14.316+0000] {reddit_processing_pipeline.py:94} INFO - Downloading raw/reddit_20251001.csv from bucket reddit-s3
[2025-12-10T13:46:15.403+0000] {reddit_processing_pipeline.py:98} INFO - Successfully loaded 141 records from raw/reddit_20251001.csv
[2025-12-10T13:46:15.409+0000] {reddit_processing_pipeline.py:94} INFO - Downloading raw/reddit_20251002.csv from bucket reddit-s3
[2025-12-10T13:46:16.308+0000] {reddit_processing_pipeline.py:98} INFO - Successfully loaded 112 records from raw/reddit_20251002.csv
[2025-12-10T13:46:16.315+0000] {reddit_processing_pipeline.py:94} INFO - Downloading raw/reddit_20251003.csv from bucket reddit-s3
[2025-12-10T13:46:22.188+0000] {reddit_processing_pipeline.py:98} INFO - Successfully loaded 88 records from raw/reddit_20251003.csv
[2025-12-10T13:46:22.198+0000] {reddit_processing_pipeline.py:94} INFO - Downloading raw/reddit_20251004.csv from bucket reddit-s3
[2025-12-10T13:46:23.123+0000] {reddit_processing_pipeline.py:98} INFO - Successfully loaded 113 records from raw/reddit_20251004.csv
[2025-12-10T13:46:23.139+0000] {reddit_processing_pipeline.py:94} INFO - Downloading raw/reddit_20251005.csv from bucket reddit-s3
[2025-12-10T13:46:24.031+0000] {reddit_processing_pipeline.py:98} INFO - Successfully loaded 124 records from raw/reddit_20251005.csv
[2025-12-10T13:46:24.038+0000] {reddit_processing_pipeline.py:94} INFO - Downloading raw/reddit_20251006.csv from bucket reddit-s3
[2025-12-10T13:46:24.961+0000] {reddit_processing_pipeline.py:98} INFO - Successfully loaded 177 records from raw/reddit_20251006.csv
[2025-12-10T13:46:24.975+0000] {reddit_processing_pipeline.py:94} INFO - Downloading raw/reddit_20251007.csv from bucket reddit-s3
[2025-12-10T13:46:25.912+0000] {reddit_processing_pipeline.py:98} INFO - Successfully loaded 173 records from raw/reddit_20251007.csv
[2025-12-10T13:46:25.918+0000] {reddit_processing_pipeline.py:94} INFO - Downloading raw/reddit_20251008.csv from bucket reddit-s3
[2025-12-10T13:46:27.424+0000] {reddit_processing_pipeline.py:98} INFO - Successfully loaded 206 records from raw/reddit_20251008.csv
[2025-12-10T13:46:27.434+0000] {reddit_processing_pipeline.py:94} INFO - Downloading raw/reddit_20251009.csv from bucket reddit-s3
[2025-12-10T13:46:34.818+0000] {reddit_processing_pipeline.py:98} INFO - Successfully loaded 250 records from raw/reddit_20251009.csv
[2025-12-10T13:46:34.825+0000] {reddit_processing_pipeline.py:94} INFO - Downloading raw/reddit_20251010.csv from bucket reddit-s3
[2025-12-10T13:46:49.041+0000] {reddit_processing_pipeline.py:98} INFO - Successfully loaded 203 records from raw/reddit_20251010.csv
[2025-12-10T13:46:49.044+0000] {reddit_processing_pipeline.py:128} INFO - Combined 10 files into 1587 total records
[2025-12-10T13:46:49.045+0000] {reddit_processing_pipeline.py:430} INFO - STEP 3: Cleaning data...
[2025-12-10T13:46:49.045+0000] {reddit_processing_pipeline.py:135} INFO - Starting data cleaning...
[2025-12-10T13:46:49.046+0000] {reddit_processing_pipeline.py:138} INFO - Removed 0 duplicate records
[2025-12-10T13:46:49.050+0000] {reddit_processing_pipeline.py:145} INFO - Cleaned data: 1587 records remaining
[2025-12-10T13:46:49.050+0000] {reddit_processing_pipeline.py:434} INFO - STEP 4: Performing sentiment analysis...
[2025-12-10T13:46:49.050+0000] {reddit_processing_pipeline.py:234} INFO - Initializing enhanced sentiment analysis...
[2025-12-10T13:46:57.758+0000] {log.py:232} WARNING - Device set to use cpu
[2025-12-10T13:46:57.760+0000] {reddit_processing_pipeline.py:244} INFO - Running enhanced sentiment analysis on 1587 records...
[2025-12-10T13:46:57.764+0000] {reddit_processing_pipeline.py:248} WARNING - Processing first 1000 records
[2025-12-10T13:48:49.863+0000] {reddit_processing_pipeline.py:308} INFO - Processed batch 10/125
[2025-12-10T13:50:36.389+0000] {reddit_processing_pipeline.py:308} INFO - Processed batch 20/125
[2025-12-10T13:52:30.295+0000] {reddit_processing_pipeline.py:308} INFO - Processed batch 30/125
[2025-12-10T13:54:26.101+0000] {reddit_processing_pipeline.py:308} INFO - Processed batch 40/125
[2025-12-10T13:56:25.022+0000] {reddit_processing_pipeline.py:308} INFO - Processed batch 50/125
[2025-12-10T13:58:20.140+0000] {reddit_processing_pipeline.py:308} INFO - Processed batch 60/125
[2025-12-10T13:59:39.663+0000] {reddit_processing_pipeline.py:308} INFO - Processed batch 70/125
[2025-12-10T14:00:44.128+0000] {reddit_processing_pipeline.py:308} INFO - Processed batch 80/125
[2025-12-10T14:01:53.252+0000] {reddit_processing_pipeline.py:308} INFO - Processed batch 90/125
[2025-12-10T14:03:01.147+0000] {reddit_processing_pipeline.py:308} INFO - Processed batch 100/125
[2025-12-10T14:04:09.216+0000] {reddit_processing_pipeline.py:308} INFO - Processed batch 110/125
[2025-12-10T14:05:12.739+0000] {reddit_processing_pipeline.py:308} INFO - Processed batch 120/125
[2025-12-10T14:05:29.939+0000] {reddit_processing_pipeline.py:308} INFO - Processed batch 125/125
[2025-12-10T14:05:29.962+0000] {reddit_processing_pipeline.py:339} INFO - Enhanced sentiment analysis completed!
[2025-12-10T14:05:29.963+0000] {reddit_processing_pipeline.py:340} INFO - 
Sentiment distribution:
sentiment
NEGATIVE    736
NEUTRAL     587
POSITIVE    264
Name: count, dtype: int64
[2025-12-10T14:05:29.965+0000] {reddit_processing_pipeline.py:341} INFO - 
Narrative distribution:
narrative_frame
general_discussion      1503
government_criticism      24
media_freedom             24
youth_empowerment         24
anti_corruption            7
reform_advocacy            5
Name: count, dtype: int64
[2025-12-10T14:05:29.965+0000] {reddit_processing_pipeline.py:342} INFO - 
Dominant emotion distribution:
dominant_emotion
anger          925
neutral        587
hope            33
frustration     25
fear             8
joy              7
sadness          2
Name: count, dtype: int64
[2025-12-10T14:05:29.976+0000] {reddit_processing_pipeline.py:438} INFO - STEP 5: Saving to S3...
[2025-12-10T14:05:29.997+0000] {reddit_processing_pipeline.py:359} INFO - Uploading processed data to S3: processed/before_phase_20251001_20251010_processed.csv
[2025-12-10T14:05:36.232+0000] {reddit_processing_pipeline.py:365} INFO - Successfully uploaded processed data to S3
[2025-12-10T14:05:36.234+0000] {reddit_processing_pipeline.py:443} INFO - STEP 6: Saving to Postgres...
[2025-12-10T14:05:36.235+0000] {reddit_processing_pipeline.py:383} INFO - Connecting to Postgres database...
[2025-12-10T14:05:36.236+0000] {reddit_processing_pipeline.py:389} INFO - Saving 1587 records to Postgres table 'reddit_sentiment' with phase 'before'
[2025-12-10T14:05:37.928+0000] {reddit_processing_pipeline.py:392} INFO - Successfully saved to Postgres!
[2025-12-10T14:05:37.928+0000] {reddit_processing_pipeline.py:446} INFO - ============================================================
[2025-12-10T14:05:37.928+0000] {reddit_processing_pipeline.py:447} INFO - PHASE BEFORE COMPLETED SUCCESSFULLY!
[2025-12-10T14:05:37.928+0000] {reddit_processing_pipeline.py:448} INFO - Processed 1587 records from 10 files
[2025-12-10T14:05:37.929+0000] {reddit_processing_pipeline.py:449} INFO - ============================================================
[2025-12-10T14:05:37.929+0000] {python.py:194} INFO - Done. Returned value was: Processed 1587 records for phase before
[2025-12-10T14:05:37.944+0000] {taskinstance.py:1398} INFO - Marking task as SUCCESS. dag_id=process_protest_phase_data, task_id=process_before_protest, execution_date=20251210T134607, start_date=20251210T134613, end_date=20251210T140537
[2025-12-10T14:05:37.983+0000] {local_task_job_runner.py:228} INFO - Task exited with return code 0
[2025-12-10T14:05:37.995+0000] {taskinstance.py:2776} INFO - 0 downstream tasks scheduled from follow-on schedule check
