[2025-12-09T05:04:56.676+0000] {taskinstance.py:1157} INFO - Dependencies all met for dep_context=non-requeueable deps ti=<TaskInstance: etl_reddit_historical.upload_pre_protest manual__2025-12-09T04:53:19.181908+00:00 [queued]>
[2025-12-09T05:04:56.682+0000] {taskinstance.py:1157} INFO - Dependencies all met for dep_context=requeueable deps ti=<TaskInstance: etl_reddit_historical.upload_pre_protest manual__2025-12-09T04:53:19.181908+00:00 [queued]>
[2025-12-09T05:04:56.682+0000] {taskinstance.py:1359} INFO - Starting attempt 3 of 3
[2025-12-09T05:04:56.689+0000] {taskinstance.py:1380} INFO - Executing <Task(PythonOperator): upload_pre_protest> on 2025-12-09 04:53:19.181908+00:00
[2025-12-09T05:04:56.700+0000] {standard_task_runner.py:57} INFO - Started process 71 to run task
[2025-12-09T05:04:56.704+0000] {standard_task_runner.py:84} INFO - Running: ['airflow', 'tasks', 'run', 'etl_reddit_historical', 'upload_pre_protest', 'manual__2025-12-09T04:53:19.181908+00:00', '--job-id', '6', '--raw', '--subdir', 'DAGS_FOLDER/redditdag.py', '--cfg-path', '/tmp/tmp3i6ku8wa']
[2025-12-09T05:04:56.707+0000] {standard_task_runner.py:85} INFO - Job 6: Subtask upload_pre_protest
[2025-12-09T05:04:56.739+0000] {task_command.py:415} INFO - Running <TaskInstance: etl_reddit_historical.upload_pre_protest manual__2025-12-09T04:53:19.181908+00:00 [running]> on host 5ec72ba6b8f6
[2025-12-09T05:04:56.780+0000] {taskinstance.py:1660} INFO - Exporting env vars: AIRFLOW_CTX_DAG_OWNER='Sayuj Chapagain' AIRFLOW_CTX_DAG_ID='etl_reddit_historical' AIRFLOW_CTX_TASK_ID='upload_pre_protest' AIRFLOW_CTX_EXECUTION_DATE='2025-12-09T04:53:19.181908+00:00' AIRFLOW_CTX_TRY_NUMBER='3' AIRFLOW_CTX_DAG_RUN_ID='manual__2025-12-09T04:53:19.181908+00:00'
[2025-12-09T05:05:10.152+0000] {logging_mixin.py:151} INFO - Bucket already exists
[2025-12-09T05:05:10.153+0000] {taskinstance.py:1935} ERROR - Task failed with exception
Traceback (most recent call last):
  File "/home/airflow/.local/lib/python3.11/site-packages/airflow/operators/python.py", line 192, in execute
    return_value = self.execute_callable()
                   ^^^^^^^^^^^^^^^^^^^^^^^
  File "/home/airflow/.local/lib/python3.11/site-packages/airflow/operators/python.py", line 209, in execute_callable
    return self.python_callable(*self.op_args, **self.op_kwargs)
           ^^^^^^^^^^^^^^^^^^^^^^^^^^^^^^^^^^^^^^^^^^^^^^^^^^^^^
  File "/opt/airflow/pipelines/aws_s3_pipeline.py", line 12, in upload_s3_pipeline
    upload_to_s3(s3, file_path, AWS_BUCKET_NAME, file_path.split('/')[-1])
                                                 ^^^^^^^^^^^^^^^
AttributeError: 'NoneType' object has no attribute 'split'
[2025-12-09T05:05:10.173+0000] {taskinstance.py:1398} INFO - Marking task as FAILED. dag_id=etl_reddit_historical, task_id=upload_pre_protest, execution_date=20251209T045319, start_date=20251209T050456, end_date=20251209T050510
[2025-12-09T05:05:10.181+0000] {standard_task_runner.py:104} ERROR - Failed to execute job 6 for task upload_pre_protest ('NoneType' object has no attribute 'split'; 71)
[2025-12-09T05:05:10.226+0000] {local_task_job_runner.py:228} INFO - Task exited with return code 1
[2025-12-09T05:05:10.242+0000] {taskinstance.py:2776} INFO - 0 downstream tasks scheduled from follow-on schedule check
