[2026-01-11T05:51:28.500+0000] {taskinstance.py:1157} INFO - Dependencies all met for dep_context=non-requeueable deps ti=<TaskInstance: etl_reddit_pipeline_realtime.process_reddit_data manual__2026-01-11T05:40:07.774598+00:00 [queued]>
[2026-01-11T05:51:28.504+0000] {taskinstance.py:1157} INFO - Dependencies all met for dep_context=requeueable deps ti=<TaskInstance: etl_reddit_pipeline_realtime.process_reddit_data manual__2026-01-11T05:40:07.774598+00:00 [queued]>
[2026-01-11T05:51:28.504+0000] {taskinstance.py:1359} INFO - Starting attempt 1 of 3
[2026-01-11T05:51:28.510+0000] {taskinstance.py:1380} INFO - Executing <Task(PythonOperator): process_reddit_data> on 2026-01-11 05:40:07.774598+00:00
[2026-01-11T05:51:28.525+0000] {standard_task_runner.py:57} INFO - Started process 72 to run task
[2026-01-11T05:51:28.527+0000] {standard_task_runner.py:84} INFO - Running: ['airflow', 'tasks', 'run', 'etl_reddit_pipeline_realtime', 'process_reddit_data', 'manual__2026-01-11T05:40:07.774598+00:00', '--job-id', '25', '--raw', '--subdir', 'DAGS_FOLDER/redditdag.py', '--cfg-path', '/tmp/tmp2truoobe']
[2026-01-11T05:51:28.529+0000] {standard_task_runner.py:85} INFO - Job 25: Subtask process_reddit_data
[2026-01-11T05:51:28.555+0000] {task_command.py:415} INFO - Running <TaskInstance: etl_reddit_pipeline_realtime.process_reddit_data manual__2026-01-11T05:40:07.774598+00:00 [running]> on host 5859fbbddf92
[2026-01-11T05:51:28.597+0000] {taskinstance.py:1660} INFO - Exporting env vars: AIRFLOW_CTX_DAG_OWNER='Sayuj Chapagain' AIRFLOW_CTX_DAG_ID='etl_reddit_pipeline_realtime' AIRFLOW_CTX_TASK_ID='process_reddit_data' AIRFLOW_CTX_EXECUTION_DATE='2026-01-11T05:40:07.774598+00:00' AIRFLOW_CTX_TRY_NUMBER='1' AIRFLOW_CTX_DAG_RUN_ID='manual__2026-01-11T05:40:07.774598+00:00'
[2026-01-11T05:51:28.598+0000] {reddit_processing_pipeline.py:472} INFO - ==================================================
[2026-01-11T05:51:28.598+0000] {reddit_processing_pipeline.py:473} INFO - PROCESSING SINGLE FILE: reddit_20260111
[2026-01-11T05:51:28.598+0000] {reddit_processing_pipeline.py:474} INFO - PHASE: REALTIME
[2026-01-11T05:51:28.598+0000] {reddit_processing_pipeline.py:475} INFO - ==================================================
[2026-01-11T05:51:28.598+0000] {reddit_processing_pipeline.py:477} INFO - STEP 1: Downloading raw data from S3
[2026-01-11T05:51:28.681+0000] {reddit_processing_pipeline.py:94} INFO - Downloading raw/reddit_20260111.csv from bucket reddit-s3
[2026-01-11T05:51:33.428+0000] {reddit_processing_pipeline.py:98} INFO - Successfully loaded 19 records from raw/reddit_20260111.csv
[2026-01-11T05:51:33.431+0000] {reddit_processing_pipeline.py:484} INFO - STEP 2: Cleaning data
[2026-01-11T05:51:33.432+0000] {reddit_processing_pipeline.py:135} INFO - Starting data cleaning...
[2026-01-11T05:51:33.434+0000] {reddit_processing_pipeline.py:138} INFO - Removed 0 duplicate records
[2026-01-11T05:51:33.438+0000] {reddit_processing_pipeline.py:147} INFO - Cleaned data: 19 records remaining
[2026-01-11T05:51:33.438+0000] {reddit_processing_pipeline.py:487} INFO - STEP 3: Performing sentiment analysis
[2026-01-11T05:51:33.438+0000] {reddit_processing_pipeline.py:236} INFO - Initializing enhanced sentiment analysis...
[2026-01-11T05:52:11.620+0000] {log.py:232} WARNING - Device set to use cpu
[2026-01-11T05:52:11.620+0000] {reddit_processing_pipeline.py:246} INFO - Running enhanced sentiment analysis on 19 records...
[2026-01-11T05:52:12.198+0000] {reddit_processing_pipeline.py:310} INFO - Processed batch 3/3
[2026-01-11T05:52:12.209+0000] {reddit_processing_pipeline.py:341} INFO - Enhanced sentiment analysis completed!
[2026-01-11T05:52:12.210+0000] {reddit_processing_pipeline.py:342} INFO - 
Sentiment distribution:
sentiment
NEGATIVE    14
POSITIVE     5
Name: count, dtype: int64
[2026-01-11T05:52:12.210+0000] {reddit_processing_pipeline.py:343} INFO - 
Narrative distribution:
narrative_frame
general_discussion    19
Name: count, dtype: int64
[2026-01-11T05:52:12.210+0000] {reddit_processing_pipeline.py:344} INFO - 
Dominant emotion distribution:
dominant_emotion
anger          18
frustration     1
Name: count, dtype: int64
[2026-01-11T05:52:12.217+0000] {reddit_processing_pipeline.py:490} INFO - STEP 4: Saving to S3
[2026-01-11T05:52:12.222+0000] {reddit_processing_pipeline.py:361} INFO - Uploading processed data to S3: processed/reddit_20260111_processed.csv
[2026-01-11T05:52:14.396+0000] {reddit_processing_pipeline.py:367} INFO - Successfully uploaded processed data to S3
[2026-01-11T05:52:14.398+0000] {reddit_processing_pipeline.py:493} INFO - STEP 5: Saving to Postgres
[2026-01-11T05:52:14.399+0000] {reddit_processing_pipeline.py:385} INFO - Connecting to Postgres database...
[2026-01-11T05:52:14.400+0000] {reddit_processing_pipeline.py:391} INFO - Saving 19 records to Postgres table 'reddit_sentiment' with phase 'realtime'
[2026-01-11T05:52:14.443+0000] {reddit_processing_pipeline.py:394} INFO - Successfully saved to Postgres!
[2026-01-11T05:52:14.443+0000] {reddit_processing_pipeline.py:496} INFO - ==================================================
[2026-01-11T05:52:14.443+0000] {reddit_processing_pipeline.py:497} INFO - PIPELINE COMPLETED SUCCESSFULLY!
[2026-01-11T05:52:14.443+0000] {reddit_processing_pipeline.py:498} INFO - ==================================================
[2026-01-11T05:52:14.443+0000] {python.py:194} INFO - Done. Returned value was: Processed 19 records
[2026-01-11T05:52:14.454+0000] {taskinstance.py:1398} INFO - Marking task as SUCCESS. dag_id=etl_reddit_pipeline_realtime, task_id=process_reddit_data, execution_date=20260111T054007, start_date=20260111T055128, end_date=20260111T055214
[2026-01-11T05:52:14.486+0000] {local_task_job_runner.py:228} INFO - Task exited with return code 0
[2026-01-11T05:52:14.495+0000] {taskinstance.py:2776} INFO - 0 downstream tasks scheduled from follow-on schedule check
