[2025-12-08T15:32:21.564+0000] {taskinstance.py:1157} INFO - Dependencies all met for dep_context=non-requeueable deps ti=<TaskInstance: etl_reddit_pipeline.process_reddit_data manual__2025-12-08T15:12:40.279051+00:00 [queued]>
[2025-12-08T15:32:21.583+0000] {taskinstance.py:1157} INFO - Dependencies all met for dep_context=requeueable deps ti=<TaskInstance: etl_reddit_pipeline.process_reddit_data manual__2025-12-08T15:12:40.279051+00:00 [queued]>
[2025-12-08T15:32:21.584+0000] {taskinstance.py:1359} INFO - Starting attempt 2 of 3
[2025-12-08T15:32:21.609+0000] {taskinstance.py:1380} INFO - Executing <Task(PythonOperator): process_reddit_data> on 2025-12-08 15:12:40.279051+00:00
[2025-12-08T15:32:21.625+0000] {standard_task_runner.py:57} INFO - Started process 58 to run task
[2025-12-08T15:32:21.634+0000] {standard_task_runner.py:84} INFO - Running: ['airflow', 'tasks', 'run', 'etl_reddit_pipeline', 'process_reddit_data', 'manual__2025-12-08T15:12:40.279051+00:00', '--job-id', '100', '--raw', '--subdir', 'DAGS_FOLDER/redditdag.py', '--cfg-path', '/tmp/tmpdatx9q03']
[2025-12-08T15:32:21.648+0000] {standard_task_runner.py:85} INFO - Job 100: Subtask process_reddit_data
[2025-12-08T15:32:21.753+0000] {task_command.py:415} INFO - Running <TaskInstance: etl_reddit_pipeline.process_reddit_data manual__2025-12-08T15:12:40.279051+00:00 [running]> on host 43929940dfe9
[2025-12-08T15:32:21.847+0000] {taskinstance.py:1660} INFO - Exporting env vars: AIRFLOW_CTX_DAG_OWNER='Sayuj Chapagain' AIRFLOW_CTX_DAG_ID='etl_reddit_pipeline' AIRFLOW_CTX_TASK_ID='process_reddit_data' AIRFLOW_CTX_EXECUTION_DATE='2025-12-08T15:12:40.279051+00:00' AIRFLOW_CTX_TRY_NUMBER='2' AIRFLOW_CTX_DAG_RUN_ID='manual__2025-12-08T15:12:40.279051+00:00'
[2025-12-08T15:32:21.850+0000] {reddit_processing_pipeline.py:235} INFO - ==================================================
[2025-12-08T15:32:21.850+0000] {reddit_processing_pipeline.py:236} INFO - STEP 1: Downloading raw data from S3
[2025-12-08T15:32:21.851+0000] {reddit_processing_pipeline.py:237} INFO - ==================================================
[2025-12-08T15:32:22.214+0000] {reddit_processing_pipeline.py:39} INFO - Downloading raw/reddit_20251208.csv from bucket reddit-s3
[2025-12-08T15:32:23.231+0000] {reddit_processing_pipeline.py:45} INFO - Successfully loaded 59 records from S3
[2025-12-08T15:32:23.234+0000] {reddit_processing_pipeline.py:241} INFO - ==================================================
[2025-12-08T15:32:23.236+0000] {reddit_processing_pipeline.py:242} INFO - STEP 2: Cleaning data
[2025-12-08T15:32:23.236+0000] {reddit_processing_pipeline.py:243} INFO - ==================================================
[2025-12-08T15:32:23.237+0000] {reddit_processing_pipeline.py:55} INFO - Starting data cleaning...
[2025-12-08T15:32:23.244+0000] {reddit_processing_pipeline.py:60} INFO - Removed 0 duplicate records
[2025-12-08T15:32:23.254+0000] {reddit_processing_pipeline.py:75} INFO - Cleaned data: 59 records remaining
[2025-12-08T15:32:23.255+0000] {reddit_processing_pipeline.py:247} INFO - ==================================================
[2025-12-08T15:32:23.255+0000] {reddit_processing_pipeline.py:248} INFO - STEP 3: Performing sentiment analysis
[2025-12-08T15:32:23.256+0000] {reddit_processing_pipeline.py:249} INFO - ==================================================
[2025-12-08T15:32:23.256+0000] {reddit_processing_pipeline.py:87} INFO - Initializing sentiment analysis model...
[2025-12-08T15:32:54.875+0000] {log.py:232} WARNING - Device set to use cpu
[2025-12-08T15:32:54.883+0000] {reddit_processing_pipeline.py:98} INFO - Running sentiment analysis on 59 records...
