[2025-12-08T15:12:59.505+0000] {taskinstance.py:1157} INFO - Dependencies all met for dep_context=non-requeueable deps ti=<TaskInstance: etl_reddit_pipeline.process_reddit_data manual__2025-12-08T15:12:40.279051+00:00 [queued]>
[2025-12-08T15:12:59.510+0000] {taskinstance.py:1157} INFO - Dependencies all met for dep_context=requeueable deps ti=<TaskInstance: etl_reddit_pipeline.process_reddit_data manual__2025-12-08T15:12:40.279051+00:00 [queued]>
[2025-12-08T15:12:59.511+0000] {taskinstance.py:1359} INFO - Starting attempt 1 of 3
[2025-12-08T15:12:59.519+0000] {taskinstance.py:1380} INFO - Executing <Task(PythonOperator): process_reddit_data> on 2025-12-08 15:12:40.279051+00:00
[2025-12-08T15:12:59.526+0000] {standard_task_runner.py:57} INFO - Started process 66 to run task
[2025-12-08T15:12:59.529+0000] {standard_task_runner.py:84} INFO - Running: ['airflow', 'tasks', 'run', 'etl_reddit_pipeline', 'process_reddit_data', 'manual__2025-12-08T15:12:40.279051+00:00', '--job-id', '69', '--raw', '--subdir', 'DAGS_FOLDER/redditdag.py', '--cfg-path', '/tmp/tmp047ugf2m']
[2025-12-08T15:12:59.532+0000] {standard_task_runner.py:85} INFO - Job 69: Subtask process_reddit_data
[2025-12-08T15:12:59.565+0000] {task_command.py:415} INFO - Running <TaskInstance: etl_reddit_pipeline.process_reddit_data manual__2025-12-08T15:12:40.279051+00:00 [running]> on host 25662dfeb32e
[2025-12-08T15:12:59.619+0000] {taskinstance.py:1660} INFO - Exporting env vars: AIRFLOW_CTX_DAG_OWNER='Sayuj Chapagain' AIRFLOW_CTX_DAG_ID='etl_reddit_pipeline' AIRFLOW_CTX_TASK_ID='process_reddit_data' AIRFLOW_CTX_EXECUTION_DATE='2025-12-08T15:12:40.279051+00:00' AIRFLOW_CTX_TRY_NUMBER='1' AIRFLOW_CTX_DAG_RUN_ID='manual__2025-12-08T15:12:40.279051+00:00'
[2025-12-08T15:12:59.621+0000] {reddit_processing_pipeline.py:235} INFO - ==================================================
[2025-12-08T15:12:59.621+0000] {reddit_processing_pipeline.py:236} INFO - STEP 1: Downloading raw data from S3
[2025-12-08T15:12:59.621+0000] {reddit_processing_pipeline.py:237} INFO - ==================================================
[2025-12-08T15:12:59.719+0000] {reddit_processing_pipeline.py:39} INFO - Downloading raw/reddit_20251208.csv from bucket reddit-s3
[2025-12-08T15:13:00.821+0000] {reddit_processing_pipeline.py:45} INFO - Successfully loaded 59 records from S3
[2025-12-08T15:13:00.826+0000] {reddit_processing_pipeline.py:241} INFO - ==================================================
[2025-12-08T15:13:00.827+0000] {reddit_processing_pipeline.py:242} INFO - STEP 2: Cleaning data
[2025-12-08T15:13:00.828+0000] {reddit_processing_pipeline.py:243} INFO - ==================================================
[2025-12-08T15:13:00.828+0000] {reddit_processing_pipeline.py:55} INFO - Starting data cleaning...
[2025-12-08T15:13:00.831+0000] {reddit_processing_pipeline.py:60} INFO - Removed 0 duplicate records
[2025-12-08T15:13:00.836+0000] {reddit_processing_pipeline.py:75} INFO - Cleaned data: 59 records remaining
[2025-12-08T15:13:00.837+0000] {reddit_processing_pipeline.py:247} INFO - ==================================================
[2025-12-08T15:13:00.837+0000] {reddit_processing_pipeline.py:248} INFO - STEP 3: Performing sentiment analysis
[2025-12-08T15:13:00.837+0000] {reddit_processing_pipeline.py:249} INFO - ==================================================
[2025-12-08T15:13:00.838+0000] {reddit_processing_pipeline.py:87} INFO - Initializing sentiment analysis model...
