[2025-12-10T14:21:13.598+0000] {taskinstance.py:1157} INFO - Dependencies all met for dep_context=non-requeueable deps ti=<TaskInstance: etl_reddit_pipeline_realtime.process_reddit_data scheduled__2025-12-09T00:00:00+00:00 [queued]>
[2025-12-10T14:21:13.604+0000] {taskinstance.py:1157} INFO - Dependencies all met for dep_context=requeueable deps ti=<TaskInstance: etl_reddit_pipeline_realtime.process_reddit_data scheduled__2025-12-09T00:00:00+00:00 [queued]>
[2025-12-10T14:21:13.605+0000] {taskinstance.py:1359} INFO - Starting attempt 1 of 3
[2025-12-10T14:21:13.613+0000] {taskinstance.py:1380} INFO - Executing <Task(PythonOperator): process_reddit_data> on 2025-12-09 00:00:00+00:00
[2025-12-10T14:21:13.623+0000] {standard_task_runner.py:57} INFO - Started process 191 to run task
[2025-12-10T14:21:13.627+0000] {standard_task_runner.py:84} INFO - Running: ['airflow', 'tasks', 'run', 'etl_reddit_pipeline_realtime', 'process_reddit_data', 'scheduled__2025-12-09T00:00:00+00:00', '--job-id', '13', '--raw', '--subdir', 'DAGS_FOLDER/redditdag.py', '--cfg-path', '/tmp/tmpwlrrcujq']
[2025-12-10T14:21:13.630+0000] {standard_task_runner.py:85} INFO - Job 13: Subtask process_reddit_data
[2025-12-10T14:21:13.665+0000] {task_command.py:415} INFO - Running <TaskInstance: etl_reddit_pipeline_realtime.process_reddit_data scheduled__2025-12-09T00:00:00+00:00 [running]> on host 76f313cf7a0c
[2025-12-10T14:21:13.716+0000] {taskinstance.py:1660} INFO - Exporting env vars: AIRFLOW_CTX_DAG_OWNER='Sayuj Chapagain' AIRFLOW_CTX_DAG_ID='etl_reddit_pipeline_realtime' AIRFLOW_CTX_TASK_ID='process_reddit_data' AIRFLOW_CTX_EXECUTION_DATE='2025-12-09T00:00:00+00:00' AIRFLOW_CTX_TRY_NUMBER='1' AIRFLOW_CTX_DAG_RUN_ID='scheduled__2025-12-09T00:00:00+00:00'
[2025-12-10T14:21:13.718+0000] {reddit_processing_pipeline.py:472} INFO - ==================================================
[2025-12-10T14:21:13.718+0000] {reddit_processing_pipeline.py:473} INFO - PROCESSING SINGLE FILE: reddit_20251210
[2025-12-10T14:21:13.718+0000] {reddit_processing_pipeline.py:474} INFO - PHASE: REALTIME
[2025-12-10T14:21:13.719+0000] {reddit_processing_pipeline.py:475} INFO - ==================================================
[2025-12-10T14:21:13.719+0000] {reddit_processing_pipeline.py:477} INFO - STEP 1: Downloading raw data from S3
[2025-12-10T14:21:13.786+0000] {reddit_processing_pipeline.py:94} INFO - Downloading raw/reddit_20251210.csv from bucket reddit-s3
[2025-12-10T14:21:14.670+0000] {reddit_processing_pipeline.py:98} INFO - Successfully loaded 43 records from raw/reddit_20251210.csv
[2025-12-10T14:21:14.672+0000] {reddit_processing_pipeline.py:484} INFO - STEP 2: Cleaning data
[2025-12-10T14:21:14.673+0000] {reddit_processing_pipeline.py:135} INFO - Starting data cleaning...
[2025-12-10T14:21:14.675+0000] {reddit_processing_pipeline.py:138} INFO - Removed 0 duplicate records
[2025-12-10T14:21:14.678+0000] {reddit_processing_pipeline.py:147} INFO - Cleaned data: 43 records remaining
[2025-12-10T14:21:14.678+0000] {reddit_processing_pipeline.py:487} INFO - STEP 3: Performing sentiment analysis
[2025-12-10T14:21:14.678+0000] {reddit_processing_pipeline.py:236} INFO - Initializing enhanced sentiment analysis...
[2025-12-10T14:21:16.824+0000] {log.py:232} WARNING - Device set to use cpu
[2025-12-10T14:21:16.827+0000] {reddit_processing_pipeline.py:246} INFO - Running enhanced sentiment analysis on 43 records...
[2025-12-10T14:21:44.869+0000] {reddit_processing_pipeline.py:310} INFO - Processed batch 6/6
[2025-12-10T14:21:44.877+0000] {reddit_processing_pipeline.py:341} INFO - Enhanced sentiment analysis completed!
[2025-12-10T14:21:44.880+0000] {reddit_processing_pipeline.py:342} INFO - 
Sentiment distribution:
sentiment
NEGATIVE    27
POSITIVE    16
Name: count, dtype: int64
[2025-12-10T14:21:44.880+0000] {reddit_processing_pipeline.py:343} INFO - 
Narrative distribution:
narrative_frame
general_discussion    39
media_freedom          3
reform_advocacy        1
Name: count, dtype: int64
[2025-12-10T14:21:44.881+0000] {reddit_processing_pipeline.py:344} INFO - 
Dominant emotion distribution:
dominant_emotion
anger      40
hope        2
sadness     1
Name: count, dtype: int64
[2025-12-10T14:21:44.889+0000] {reddit_processing_pipeline.py:490} INFO - STEP 4: Saving to S3
[2025-12-10T14:21:44.895+0000] {reddit_processing_pipeline.py:361} INFO - Uploading processed data to S3: processed/reddit_20251210_processed.csv
[2025-12-10T14:21:46.503+0000] {reddit_processing_pipeline.py:367} INFO - Successfully uploaded processed data to S3
[2025-12-10T14:21:46.505+0000] {reddit_processing_pipeline.py:493} INFO - STEP 5: Saving to Postgres
[2025-12-10T14:21:46.505+0000] {reddit_processing_pipeline.py:385} INFO - Connecting to Postgres database...
[2025-12-10T14:21:46.507+0000] {reddit_processing_pipeline.py:391} INFO - Saving 43 records to Postgres table 'reddit_sentiment' with phase 'realtime'
[2025-12-10T14:21:46.562+0000] {reddit_processing_pipeline.py:394} INFO - Successfully saved to Postgres!
[2025-12-10T14:21:46.562+0000] {reddit_processing_pipeline.py:496} INFO - ==================================================
[2025-12-10T14:21:46.563+0000] {reddit_processing_pipeline.py:497} INFO - PIPELINE COMPLETED SUCCESSFULLY!
[2025-12-10T14:21:46.563+0000] {reddit_processing_pipeline.py:498} INFO - ==================================================
[2025-12-10T14:21:46.563+0000] {python.py:194} INFO - Done. Returned value was: Processed 43 records
[2025-12-10T14:21:46.578+0000] {taskinstance.py:1398} INFO - Marking task as SUCCESS. dag_id=etl_reddit_pipeline_realtime, task_id=process_reddit_data, execution_date=20251209T000000, start_date=20251210T142113, end_date=20251210T142146
[2025-12-10T14:21:46.643+0000] {local_task_job_runner.py:228} INFO - Task exited with return code 0
[2025-12-10T14:21:46.655+0000] {taskinstance.py:2776} INFO - 0 downstream tasks scheduled from follow-on schedule check
