[2025-12-11T01:41:31.751+0000] {taskinstance.py:1157} INFO - Dependencies all met for dep_context=non-requeueable deps ti=<TaskInstance: process_protest_phase_data.process_before_protest manual__2025-12-11T01:41:26.282466+00:00 [queued]>
[2025-12-11T01:41:31.757+0000] {taskinstance.py:1157} INFO - Dependencies all met for dep_context=requeueable deps ti=<TaskInstance: process_protest_phase_data.process_before_protest manual__2025-12-11T01:41:26.282466+00:00 [queued]>
[2025-12-11T01:41:31.758+0000] {taskinstance.py:1359} INFO - Starting attempt 1 of 3
[2025-12-11T01:41:31.770+0000] {taskinstance.py:1380} INFO - Executing <Task(PythonOperator): process_before_protest> on 2025-12-11 01:41:26.282466+00:00
[2025-12-11T01:41:31.779+0000] {standard_task_runner.py:57} INFO - Started process 98 to run task
[2025-12-11T01:41:31.783+0000] {standard_task_runner.py:84} INFO - Running: ['airflow', 'tasks', 'run', 'process_protest_phase_data', 'process_before_protest', 'manual__2025-12-11T01:41:26.282466+00:00', '--job-id', '18', '--raw', '--subdir', 'DAGS_FOLDER/redditdag.py', '--cfg-path', '/tmp/tmpf_xpflxn']
[2025-12-11T01:41:31.787+0000] {standard_task_runner.py:85} INFO - Job 18: Subtask process_before_protest
[2025-12-11T01:41:31.827+0000] {task_command.py:415} INFO - Running <TaskInstance: process_protest_phase_data.process_before_protest manual__2025-12-11T01:41:26.282466+00:00 [running]> on host 0f39f181a760
[2025-12-11T01:41:31.899+0000] {taskinstance.py:1660} INFO - Exporting env vars: AIRFLOW_CTX_DAG_OWNER='Sayuj Chapagain' AIRFLOW_CTX_DAG_ID='process_protest_phase_data' AIRFLOW_CTX_TASK_ID='process_before_protest' AIRFLOW_CTX_EXECUTION_DATE='2025-12-11T01:41:26.282466+00:00' AIRFLOW_CTX_TRY_NUMBER='1' AIRFLOW_CTX_DAG_RUN_ID='manual__2025-12-11T01:41:26.282466+00:00'
[2025-12-11T01:41:31.903+0000] {reddit_processing_pipeline.py:410} INFO - ============================================================
[2025-12-11T01:41:31.903+0000] {reddit_processing_pipeline.py:411} INFO - PROCESSING PHASE: BEFORE
[2025-12-11T01:41:31.904+0000] {reddit_processing_pipeline.py:412} INFO - Date Range: 20250901 to 20250907
[2025-12-11T01:41:31.904+0000] {reddit_processing_pipeline.py:413} INFO - ============================================================
[2025-12-11T01:41:31.904+0000] {reddit_processing_pipeline.py:416} INFO - STEP 1: Finding files in date range...
[2025-12-11T01:41:33.288+0000] {reddit_processing_pipeline.py:78} INFO - Found file in range: raw/reddit_20250901.csv
[2025-12-11T01:41:33.289+0000] {reddit_processing_pipeline.py:78} INFO - Found file in range: raw/reddit_20250902.csv
[2025-12-11T01:41:33.289+0000] {reddit_processing_pipeline.py:78} INFO - Found file in range: raw/reddit_20250903.csv
[2025-12-11T01:41:33.289+0000] {reddit_processing_pipeline.py:78} INFO - Found file in range: raw/reddit_20250904.csv
[2025-12-11T01:41:33.289+0000] {reddit_processing_pipeline.py:78} INFO - Found file in range: raw/reddit_20250905.csv
[2025-12-11T01:41:33.289+0000] {reddit_processing_pipeline.py:78} INFO - Found file in range: raw/reddit_20250906.csv
[2025-12-11T01:41:33.289+0000] {reddit_processing_pipeline.py:78} INFO - Found file in range: raw/reddit_20250907.csv
[2025-12-11T01:41:33.290+0000] {reddit_processing_pipeline.py:83} INFO - Found 7 files between 20250901 and 20250907
[2025-12-11T01:41:33.291+0000] {reddit_processing_pipeline.py:424} INFO - STEP 2: Downloading and combining files...
[2025-12-11T01:41:33.295+0000] {reddit_processing_pipeline.py:94} INFO - Downloading raw/reddit_20250901.csv from bucket reddit-s3
[2025-12-11T01:41:40.735+0000] {reddit_processing_pipeline.py:98} INFO - Successfully loaded 164 records from raw/reddit_20250901.csv
[2025-12-11T01:41:40.741+0000] {reddit_processing_pipeline.py:94} INFO - Downloading raw/reddit_20250902.csv from bucket reddit-s3
[2025-12-11T01:41:44.196+0000] {reddit_processing_pipeline.py:98} INFO - Successfully loaded 148 records from raw/reddit_20250902.csv
[2025-12-11T01:41:44.202+0000] {reddit_processing_pipeline.py:94} INFO - Downloading raw/reddit_20250903.csv from bucket reddit-s3
[2025-12-11T01:41:51.156+0000] {reddit_processing_pipeline.py:98} INFO - Successfully loaded 142 records from raw/reddit_20250903.csv
[2025-12-11T01:41:51.169+0000] {reddit_processing_pipeline.py:94} INFO - Downloading raw/reddit_20250904.csv from bucket reddit-s3
[2025-12-11T01:41:54.294+0000] {reddit_processing_pipeline.py:98} INFO - Successfully loaded 233 records from raw/reddit_20250904.csv
[2025-12-11T01:41:54.300+0000] {reddit_processing_pipeline.py:94} INFO - Downloading raw/reddit_20250905.csv from bucket reddit-s3
[2025-12-11T01:41:59.347+0000] {reddit_processing_pipeline.py:98} INFO - Successfully loaded 308 records from raw/reddit_20250905.csv
[2025-12-11T01:41:59.362+0000] {reddit_processing_pipeline.py:94} INFO - Downloading raw/reddit_20250906.csv from bucket reddit-s3
[2025-12-11T01:42:01.162+0000] {reddit_processing_pipeline.py:98} INFO - Successfully loaded 353 records from raw/reddit_20250906.csv
[2025-12-11T01:42:01.168+0000] {reddit_processing_pipeline.py:94} INFO - Downloading raw/reddit_20250907.csv from bucket reddit-s3
[2025-12-11T01:42:11.258+0000] {reddit_processing_pipeline.py:98} INFO - Successfully loaded 523 records from raw/reddit_20250907.csv
[2025-12-11T01:42:11.270+0000] {reddit_processing_pipeline.py:128} INFO - Combined 7 files into 1871 total records
[2025-12-11T01:42:11.271+0000] {reddit_processing_pipeline.py:432} INFO - STEP 3: Cleaning data...
[2025-12-11T01:42:11.274+0000] {reddit_processing_pipeline.py:135} INFO - Starting data cleaning...
[2025-12-11T01:42:11.280+0000] {reddit_processing_pipeline.py:138} INFO - Removed 0 duplicate records
[2025-12-11T01:42:11.298+0000] {reddit_processing_pipeline.py:147} INFO - Cleaned data: 1871 records remaining
[2025-12-11T01:42:11.299+0000] {reddit_processing_pipeline.py:436} INFO - STEP 4: Performing sentiment analysis...
[2025-12-11T01:42:11.299+0000] {reddit_processing_pipeline.py:236} INFO - Initializing enhanced sentiment analysis...
[2025-12-11T01:42:16.283+0000] {log.py:232} WARNING - Device set to use cpu
[2025-12-11T01:42:16.284+0000] {reddit_processing_pipeline.py:246} INFO - Running enhanced sentiment analysis on 1871 records...
[2025-12-11T01:42:16.290+0000] {reddit_processing_pipeline.py:250} WARNING - Processing first 1000 records
[2025-12-11T01:43:50.925+0000] {reddit_processing_pipeline.py:310} INFO - Processed batch 10/125
[2025-12-11T01:45:14.746+0000] {reddit_processing_pipeline.py:310} INFO - Processed batch 20/125
[2025-12-11T01:47:10.422+0000] {reddit_processing_pipeline.py:310} INFO - Processed batch 30/125
[2025-12-11T01:48:55.066+0000] {reddit_processing_pipeline.py:310} INFO - Processed batch 40/125
[2025-12-11T01:50:40.339+0000] {reddit_processing_pipeline.py:310} INFO - Processed batch 50/125
[2025-12-11T01:52:44.772+0000] {reddit_processing_pipeline.py:310} INFO - Processed batch 60/125
[2025-12-11T01:54:39.308+0000] {reddit_processing_pipeline.py:310} INFO - Processed batch 70/125
[2025-12-11T01:56:27.373+0000] {reddit_processing_pipeline.py:310} INFO - Processed batch 80/125
[2025-12-11T01:58:25.408+0000] {reddit_processing_pipeline.py:310} INFO - Processed batch 90/125
[2025-12-11T02:00:17.719+0000] {reddit_processing_pipeline.py:310} INFO - Processed batch 100/125
[2025-12-11T02:01:37.591+0000] {reddit_processing_pipeline.py:310} INFO - Processed batch 110/125
[2025-12-11T02:02:44.072+0000] {reddit_processing_pipeline.py:310} INFO - Processed batch 120/125
[2025-12-11T02:03:17.563+0000] {reddit_processing_pipeline.py:310} INFO - Processed batch 125/125
[2025-12-11T02:03:17.596+0000] {reddit_processing_pipeline.py:341} INFO - Enhanced sentiment analysis completed!
[2025-12-11T02:03:17.599+0000] {reddit_processing_pipeline.py:342} INFO - 
Sentiment distribution:
sentiment
NEUTRAL     871
NEGATIVE    734
POSITIVE    266
Name: count, dtype: int64
[2025-12-11T02:03:17.600+0000] {reddit_processing_pipeline.py:343} INFO - 
Narrative distribution:
narrative_frame
general_discussion      1670
media_freedom            117
government_criticism      31
anti_corruption           31
youth_empowerment         16
reform_advocacy            6
Name: count, dtype: int64
[2025-12-11T02:03:17.601+0000] {reddit_processing_pipeline.py:344} INFO - 
Dominant emotion distribution:
dominant_emotion
anger          927
neutral        871
frustration     27
hope            22
joy             15
sadness          7
fear             2
Name: count, dtype: int64
[2025-12-11T02:03:17.627+0000] {reddit_processing_pipeline.py:440} INFO - STEP 5: Saving to S3...
[2025-12-11T02:03:17.698+0000] {reddit_processing_pipeline.py:361} INFO - Uploading processed data to S3: processed/before_phase_20250901_20250907_processed.csv
[2025-12-11T02:03:30.930+0000] {reddit_processing_pipeline.py:367} INFO - Successfully uploaded processed data to S3
[2025-12-11T02:03:30.934+0000] {reddit_processing_pipeline.py:445} INFO - STEP 6: Saving to Postgres...
[2025-12-11T02:03:30.935+0000] {reddit_processing_pipeline.py:385} INFO - Connecting to Postgres database...
[2025-12-11T02:03:30.939+0000] {reddit_processing_pipeline.py:391} INFO - Saving 1871 records to Postgres table 'reddit_sentiment' with phase 'before'
[2025-12-11T02:03:32.603+0000] {reddit_processing_pipeline.py:394} INFO - Successfully saved to Postgres!
[2025-12-11T02:03:32.604+0000] {reddit_processing_pipeline.py:448} INFO - ============================================================
[2025-12-11T02:03:32.604+0000] {reddit_processing_pipeline.py:449} INFO - PHASE BEFORE COMPLETED SUCCESSFULLY!
[2025-12-11T02:03:32.604+0000] {reddit_processing_pipeline.py:450} INFO - Processed 1871 records from 7 files
[2025-12-11T02:03:32.604+0000] {reddit_processing_pipeline.py:451} INFO - ============================================================
[2025-12-11T02:03:32.605+0000] {python.py:194} INFO - Done. Returned value was: Processed 1871 records for phase before
[2025-12-11T02:03:32.619+0000] {taskinstance.py:1398} INFO - Marking task as SUCCESS. dag_id=process_protest_phase_data, task_id=process_before_protest, execution_date=20251211T014126, start_date=20251211T014131, end_date=20251211T020332
[2025-12-11T02:03:32.660+0000] {local_task_job_runner.py:228} INFO - Task exited with return code 0
[2025-12-11T02:03:32.671+0000] {taskinstance.py:2776} INFO - 0 downstream tasks scheduled from follow-on schedule check
