[2025-12-08T15:51:54.162+0000] {taskinstance.py:1157} INFO - Dependencies all met for dep_context=non-requeueable deps ti=<TaskInstance: etl_reddit_pipeline.process_reddit_data manual__2025-12-08T15:51:29.505219+00:00 [queued]>
[2025-12-08T15:51:54.177+0000] {taskinstance.py:1157} INFO - Dependencies all met for dep_context=requeueable deps ti=<TaskInstance: etl_reddit_pipeline.process_reddit_data manual__2025-12-08T15:51:29.505219+00:00 [queued]>
[2025-12-08T15:51:54.178+0000] {taskinstance.py:1359} INFO - Starting attempt 1 of 3
[2025-12-08T15:51:54.206+0000] {taskinstance.py:1380} INFO - Executing <Task(PythonOperator): process_reddit_data> on 2025-12-08 15:51:29.505219+00:00
[2025-12-08T15:51:54.223+0000] {standard_task_runner.py:57} INFO - Started process 66 to run task
[2025-12-08T15:51:54.230+0000] {standard_task_runner.py:84} INFO - Running: ['airflow', 'tasks', 'run', 'etl_reddit_pipeline', 'process_reddit_data', 'manual__2025-12-08T15:51:29.505219+00:00', '--job-id', '169', '--raw', '--subdir', 'DAGS_FOLDER/redditdag.py', '--cfg-path', '/tmp/tmp83sw5fyo']
[2025-12-08T15:51:54.237+0000] {standard_task_runner.py:85} INFO - Job 169: Subtask process_reddit_data
[2025-12-08T15:51:54.322+0000] {task_command.py:415} INFO - Running <TaskInstance: etl_reddit_pipeline.process_reddit_data manual__2025-12-08T15:51:29.505219+00:00 [running]> on host bd98d2fcd3b2
[2025-12-08T15:51:54.443+0000] {taskinstance.py:1660} INFO - Exporting env vars: AIRFLOW_CTX_DAG_OWNER='Sayuj Chapagain' AIRFLOW_CTX_DAG_ID='etl_reddit_pipeline' AIRFLOW_CTX_TASK_ID='process_reddit_data' AIRFLOW_CTX_EXECUTION_DATE='2025-12-08T15:51:29.505219+00:00' AIRFLOW_CTX_TRY_NUMBER='1' AIRFLOW_CTX_DAG_RUN_ID='manual__2025-12-08T15:51:29.505219+00:00'
[2025-12-08T15:51:54.446+0000] {reddit_processing_pipeline.py:235} INFO - ==================================================
[2025-12-08T15:51:54.446+0000] {reddit_processing_pipeline.py:236} INFO - STEP 1: Downloading raw data from S3
[2025-12-08T15:51:54.446+0000] {reddit_processing_pipeline.py:237} INFO - ==================================================
[2025-12-08T15:51:54.588+0000] {reddit_processing_pipeline.py:39} INFO - Downloading raw/reddit_20251208.csv from bucket reddit-s3
[2025-12-08T15:51:55.636+0000] {reddit_processing_pipeline.py:45} INFO - Successfully loaded 64 records from S3
[2025-12-08T15:51:55.640+0000] {reddit_processing_pipeline.py:241} INFO - ==================================================
[2025-12-08T15:51:55.642+0000] {reddit_processing_pipeline.py:242} INFO - STEP 2: Cleaning data
[2025-12-08T15:51:55.643+0000] {reddit_processing_pipeline.py:243} INFO - ==================================================
[2025-12-08T15:51:55.643+0000] {reddit_processing_pipeline.py:55} INFO - Starting data cleaning...
[2025-12-08T15:51:55.647+0000] {reddit_processing_pipeline.py:60} INFO - Removed 0 duplicate records
[2025-12-08T15:51:55.654+0000] {reddit_processing_pipeline.py:75} INFO - Cleaned data: 64 records remaining
[2025-12-08T15:51:55.655+0000] {reddit_processing_pipeline.py:247} INFO - ==================================================
[2025-12-08T15:51:55.655+0000] {reddit_processing_pipeline.py:248} INFO - STEP 3: Performing sentiment analysis
[2025-12-08T15:51:55.655+0000] {reddit_processing_pipeline.py:249} INFO - ==================================================
[2025-12-08T15:51:55.656+0000] {reddit_processing_pipeline.py:87} INFO - Initializing sentiment analysis model...
[2025-12-08T15:52:26.328+0000] {log.py:232} WARNING - Device set to use cpu
[2025-12-08T15:52:26.329+0000] {reddit_processing_pipeline.py:98} INFO - Running sentiment analysis on 64 records...
[2025-12-08T15:52:28.219+0000] {reddit_processing_pipeline.py:144} INFO - Processed batch 5/8
[2025-12-08T15:52:29.114+0000] {reddit_processing_pipeline.py:144} INFO - Processed batch 8/8
[2025-12-08T15:52:29.117+0000] {reddit_processing_pipeline.py:156} INFO - Sentiment analysis completed!
[2025-12-08T15:52:29.128+0000] {reddit_processing_pipeline.py:157} INFO - Sentiment distribution:
sentiment
NEGATIVE    40
POSITIVE    24
Name: count, dtype: int64
[2025-12-08T15:52:29.139+0000] {reddit_processing_pipeline.py:253} INFO - ==================================================
[2025-12-08T15:52:29.139+0000] {reddit_processing_pipeline.py:254} INFO - STEP 4: Saving to S3
[2025-12-08T15:52:29.139+0000] {reddit_processing_pipeline.py:255} INFO - ==================================================
[2025-12-08T15:52:29.150+0000] {reddit_processing_pipeline.py:177} INFO - Uploading processed data to S3: processed/reddit_20251208_processed.csv
[2025-12-08T15:52:30.733+0000] {reddit_processing_pipeline.py:184} INFO - Successfully uploaded processed data to S3
[2025-12-08T15:52:30.737+0000] {reddit_processing_pipeline.py:259} INFO - ==================================================
[2025-12-08T15:52:30.738+0000] {reddit_processing_pipeline.py:260} INFO - STEP 5: Saving to Postgres
[2025-12-08T15:52:30.739+0000] {reddit_processing_pipeline.py:261} INFO - ==================================================
[2025-12-08T15:52:30.739+0000] {reddit_processing_pipeline.py:205} INFO - Connecting to Postgres database...
[2025-12-08T15:52:30.743+0000] {reddit_processing_pipeline.py:212} INFO - Saving 64 records to Postgres table 'reddit_sentiment'
[2025-12-08T15:52:30.844+0000] {reddit_processing_pipeline.py:215} INFO - Successfully saved to Postgres!
[2025-12-08T15:52:30.845+0000] {reddit_processing_pipeline.py:264} INFO - ==================================================
[2025-12-08T15:52:30.845+0000] {reddit_processing_pipeline.py:265} INFO - PIPELINE COMPLETED SUCCESSFULLY!
[2025-12-08T15:52:30.845+0000] {reddit_processing_pipeline.py:266} INFO - ==================================================
[2025-12-08T15:52:30.845+0000] {python.py:194} INFO - Done. Returned value was: Processed 64 records
[2025-12-08T15:52:30.874+0000] {taskinstance.py:1398} INFO - Marking task as SUCCESS. dag_id=etl_reddit_pipeline, task_id=process_reddit_data, execution_date=20251208T155129, start_date=20251208T155154, end_date=20251208T155230
[2025-12-08T15:52:30.934+0000] {local_task_job_runner.py:228} INFO - Task exited with return code 0
[2025-12-08T15:52:30.963+0000] {taskinstance.py:2776} INFO - 0 downstream tasks scheduled from follow-on schedule check
