[2025-12-08T09:21:26.629+0000] {taskinstance.py:1157} INFO - Dependencies all met for dep_context=non-requeueable deps ti=<TaskInstance: etl_reddit_pipeline.process_reddit_data manual__2025-12-08T09:08:39.822621+00:00 [queued]>
[2025-12-08T09:21:26.637+0000] {taskinstance.py:1157} INFO - Dependencies all met for dep_context=requeueable deps ti=<TaskInstance: etl_reddit_pipeline.process_reddit_data manual__2025-12-08T09:08:39.822621+00:00 [queued]>
[2025-12-08T09:21:26.637+0000] {taskinstance.py:1359} INFO - Starting attempt 3 of 3
[2025-12-08T09:21:26.645+0000] {taskinstance.py:1380} INFO - Executing <Task(PythonOperator): process_reddit_data> on 2025-12-08 09:08:39.822621+00:00
[2025-12-08T09:21:26.655+0000] {standard_task_runner.py:57} INFO - Started process 71 to run task
[2025-12-08T09:21:26.660+0000] {standard_task_runner.py:84} INFO - Running: ['airflow', 'tasks', 'run', 'etl_reddit_pipeline', 'process_reddit_data', 'manual__2025-12-08T09:08:39.822621+00:00', '--job-id', '27', '--raw', '--subdir', 'DAGS_FOLDER/redditdag.py', '--cfg-path', '/tmp/tmp92l9_w61']
[2025-12-08T09:21:26.664+0000] {standard_task_runner.py:85} INFO - Job 27: Subtask process_reddit_data
[2025-12-08T09:21:26.701+0000] {task_command.py:415} INFO - Running <TaskInstance: etl_reddit_pipeline.process_reddit_data manual__2025-12-08T09:08:39.822621+00:00 [running]> on host 4688973c1acc
[2025-12-08T09:21:26.769+0000] {taskinstance.py:1660} INFO - Exporting env vars: AIRFLOW_CTX_DAG_OWNER='Sayuj Chapagain' AIRFLOW_CTX_DAG_ID='etl_reddit_pipeline' AIRFLOW_CTX_TASK_ID='process_reddit_data' AIRFLOW_CTX_EXECUTION_DATE='2025-12-08T09:08:39.822621+00:00' AIRFLOW_CTX_TRY_NUMBER='3' AIRFLOW_CTX_DAG_RUN_ID='manual__2025-12-08T09:08:39.822621+00:00'
[2025-12-08T09:21:26.770+0000] {reddit_processing_pipeline.py:206} INFO - ==================================================
[2025-12-08T09:21:26.771+0000] {reddit_processing_pipeline.py:207} INFO - STEP 1: Downloading raw data from S3
[2025-12-08T09:21:26.771+0000] {reddit_processing_pipeline.py:208} INFO - ==================================================
[2025-12-08T09:21:28.946+0000] {reddit_processing_pipeline.py:19} INFO - Downloading raw/reddit_20251208.json from bucket your-bucket-name
[2025-12-08T09:21:28.954+0000] {reddit_processing_pipeline.py:29} ERROR - Error downloading from S3: Unable to locate credentials
[2025-12-08T09:21:28.957+0000] {reddit_processing_pipeline.py:242} ERROR - Pipeline failed: Unable to locate credentials
[2025-12-08T09:21:28.957+0000] {taskinstance.py:1935} ERROR - Task failed with exception
Traceback (most recent call last):
  File "/home/airflow/.local/lib/python3.11/site-packages/airflow/operators/python.py", line 192, in execute
    return_value = self.execute_callable()
                   ^^^^^^^^^^^^^^^^^^^^^^^
  File "/home/airflow/.local/lib/python3.11/site-packages/airflow/operators/python.py", line 209, in execute_callable
    return self.python_callable(*self.op_args, **self.op_kwargs)
           ^^^^^^^^^^^^^^^^^^^^^^^^^^^^^^^^^^^^^^^^^^^^^^^^^^^^^
  File "/opt/airflow/pipelines/reddit_processing_pipeline.py", line 209, in reddit_processing_pipeline
    df = download_from_s3(bucket_name, raw_file_key)
         ^^^^^^^^^^^^^^^^^^^^^^^^^^^^^^^^^^^^^^^^^^^
  File "/opt/airflow/pipelines/reddit_processing_pipeline.py", line 20, in download_from_s3
    response = s3_client.get_object(Bucket=bucket_name, Key=file_key)
               ^^^^^^^^^^^^^^^^^^^^^^^^^^^^^^^^^^^^^^^^^^^^^^^^^^^^^^
  File "/home/airflow/.local/lib/python3.11/site-packages/botocore/client.py", line 535, in _api_call
    return self._make_api_call(operation_name, kwargs)
           ^^^^^^^^^^^^^^^^^^^^^^^^^^^^^^^^^^^^^^^^^^^
  File "/home/airflow/.local/lib/python3.11/site-packages/botocore/client.py", line 963, in _make_api_call
    http, parsed_response = self._make_request(
                            ^^^^^^^^^^^^^^^^^^^
  File "/home/airflow/.local/lib/python3.11/site-packages/botocore/client.py", line 986, in _make_request
    return self._endpoint.make_request(operation_model, request_dict)
           ^^^^^^^^^^^^^^^^^^^^^^^^^^^^^^^^^^^^^^^^^^^^^^^^^^^^^^^^^^
  File "/home/airflow/.local/lib/python3.11/site-packages/botocore/endpoint.py", line 119, in make_request
    return self._send_request(request_dict, operation_model)
           ^^^^^^^^^^^^^^^^^^^^^^^^^^^^^^^^^^^^^^^^^^^^^^^^^
  File "/home/airflow/.local/lib/python3.11/site-packages/botocore/endpoint.py", line 198, in _send_request
    request = self.create_request(request_dict, operation_model)
              ^^^^^^^^^^^^^^^^^^^^^^^^^^^^^^^^^^^^^^^^^^^^^^^^^^
  File "/home/airflow/.local/lib/python3.11/site-packages/botocore/endpoint.py", line 134, in create_request
    self._event_emitter.emit(
  File "/home/airflow/.local/lib/python3.11/site-packages/botocore/hooks.py", line 412, in emit
    return self._emitter.emit(aliased_event_name, **kwargs)
           ^^^^^^^^^^^^^^^^^^^^^^^^^^^^^^^^^^^^^^^^^^^^^^^^
  File "/home/airflow/.local/lib/python3.11/site-packages/botocore/hooks.py", line 256, in emit
    return self._emit(event_name, kwargs)
           ^^^^^^^^^^^^^^^^^^^^^^^^^^^^^^
  File "/home/airflow/.local/lib/python3.11/site-packages/botocore/hooks.py", line 239, in _emit
    response = handler(**kwargs)
               ^^^^^^^^^^^^^^^^^
  File "/home/airflow/.local/lib/python3.11/site-packages/botocore/signers.py", line 105, in handler
    return self.sign(operation_name, request)
           ^^^^^^^^^^^^^^^^^^^^^^^^^^^^^^^^^^
  File "/home/airflow/.local/lib/python3.11/site-packages/botocore/signers.py", line 189, in sign
    auth.add_auth(request)
  File "/home/airflow/.local/lib/python3.11/site-packages/botocore/auth.py", line 418, in add_auth
    raise NoCredentialsError()
botocore.exceptions.NoCredentialsError: Unable to locate credentials
[2025-12-08T09:21:28.994+0000] {taskinstance.py:1398} INFO - Marking task as FAILED. dag_id=etl_reddit_pipeline, task_id=process_reddit_data, execution_date=20251208T090839, start_date=20251208T092126, end_date=20251208T092128
[2025-12-08T09:21:29.095+0000] {standard_task_runner.py:104} ERROR - Failed to execute job 27 for task process_reddit_data (Unable to locate credentials; 71)
[2025-12-08T09:21:29.145+0000] {local_task_job_runner.py:228} INFO - Task exited with return code 1
[2025-12-08T09:21:29.174+0000] {taskinstance.py:2776} INFO - 0 downstream tasks scheduled from follow-on schedule check
