[2025-12-09T05:12:01.699+0000] {taskinstance.py:1157} INFO - Dependencies all met for dep_context=non-requeueable deps ti=<TaskInstance: etl_reddit_historical.extract_pre_protest manual__2025-12-09T05:11:57.679557+00:00 [queued]>
[2025-12-09T05:12:01.704+0000] {taskinstance.py:1157} INFO - Dependencies all met for dep_context=requeueable deps ti=<TaskInstance: etl_reddit_historical.extract_pre_protest manual__2025-12-09T05:11:57.679557+00:00 [queued]>
[2025-12-09T05:12:01.704+0000] {taskinstance.py:1359} INFO - Starting attempt 1 of 3
[2025-12-09T05:12:01.712+0000] {taskinstance.py:1380} INFO - Executing <Task(PythonOperator): extract_pre_protest> on 2025-12-09 05:11:57.679557+00:00
[2025-12-09T05:12:01.723+0000] {standard_task_runner.py:57} INFO - Started process 76 to run task
[2025-12-09T05:12:01.726+0000] {standard_task_runner.py:84} INFO - Running: ['airflow', 'tasks', 'run', 'etl_reddit_historical', 'extract_pre_protest', 'manual__2025-12-09T05:11:57.679557+00:00', '--job-id', '7', '--raw', '--subdir', 'DAGS_FOLDER/redditdag.py', '--cfg-path', '/tmp/tmpznwpqg_e']
[2025-12-09T05:12:01.730+0000] {standard_task_runner.py:85} INFO - Job 7: Subtask extract_pre_protest
[2025-12-09T05:12:01.767+0000] {task_command.py:415} INFO - Running <TaskInstance: etl_reddit_historical.extract_pre_protest manual__2025-12-09T05:11:57.679557+00:00 [running]> on host 5ec72ba6b8f6
[2025-12-09T05:12:01.816+0000] {taskinstance.py:1660} INFO - Exporting env vars: AIRFLOW_CTX_DAG_OWNER='Sayuj Chapagain' AIRFLOW_CTX_DAG_ID='etl_reddit_historical' AIRFLOW_CTX_TASK_ID='extract_pre_protest' AIRFLOW_CTX_EXECUTION_DATE='2025-12-09T05:11:57.679557+00:00' AIRFLOW_CTX_TRY_NUMBER='1' AIRFLOW_CTX_DAG_RUN_ID='manual__2025-12-09T05:11:57.679557+00:00'
[2025-12-09T05:12:01.819+0000] {logging_mixin.py:151} WARNING - Version 7.7.1 of praw is outdated. Version 7.8.1 was released Friday October 25, 2024.
[2025-12-09T05:12:01.820+0000] {logging_mixin.py:151} INFO - connected to reddit!
[2025-12-09T05:12:01.820+0000] {logging_mixin.py:151} INFO - Collecting historical data from 1748736000 to 1756598400
[2025-12-09T05:12:01.820+0000] {logging_mixin.py:151} INFO - Searching 'corruption OR nepobabies OR nepotism OR government' in r/Nepal
[2025-12-09T05:12:01.820+0000] {logging_mixin.py:151} INFO - Time range: 2025-06-01 00:00:00 to 2025-08-31 00:00:00
[2025-12-09T05:12:17.399+0000] {logging_mixin.py:151} INFO - Search yielded 0 posts. Fetching additional posts from 'new'...
[2025-12-09T05:12:38.518+0000] {logging_mixin.py:151} INFO - Collected 0 posts from the specified time period
[2025-12-09T05:12:38.523+0000] {logging_mixin.py:151} INFO - Warning: No posts collected!
[2025-12-09T05:12:38.528+0000] {logging_mixin.py:151} INFO - Data saved to: /opt/airflow/data/output/reddit_pre_protest_jun_aug_2025.csv
[2025-12-09T05:12:38.528+0000] {logging_mixin.py:151} INFO - Successfully collected 0 posts and saved to /opt/airflow/data/output/reddit_pre_protest_jun_aug_2025.csv
[2025-12-09T05:12:38.528+0000] {python.py:194} INFO - Done. Returned value was: /opt/airflow/data/output/reddit_pre_protest_jun_aug_2025.csv
[2025-12-09T05:12:38.543+0000] {taskinstance.py:1398} INFO - Marking task as SUCCESS. dag_id=etl_reddit_historical, task_id=extract_pre_protest, execution_date=20251209T051157, start_date=20251209T051201, end_date=20251209T051238
[2025-12-09T05:12:38.602+0000] {local_task_job_runner.py:228} INFO - Task exited with return code 0
[2025-12-09T05:12:38.619+0000] {taskinstance.py:2776} INFO - 1 downstream tasks scheduled from follow-on schedule check
