[2025-12-10T14:16:46.616+0000] {taskinstance.py:1157} INFO - Dependencies all met for dep_context=non-requeueable deps ti=<TaskInstance: process_protest_phase_data.process_after_protest manual__2025-12-10T13:46:07.687778+00:00 [queued]>
[2025-12-10T14:16:46.622+0000] {taskinstance.py:1157} INFO - Dependencies all met for dep_context=requeueable deps ti=<TaskInstance: process_protest_phase_data.process_after_protest manual__2025-12-10T13:46:07.687778+00:00 [queued]>
[2025-12-10T14:16:46.622+0000] {taskinstance.py:1359} INFO - Starting attempt 3 of 3
[2025-12-10T14:16:46.629+0000] {taskinstance.py:1380} INFO - Executing <Task(PythonOperator): process_after_protest> on 2025-12-10 13:46:07.687778+00:00
[2025-12-10T14:16:46.638+0000] {standard_task_runner.py:57} INFO - Started process 155 to run task
[2025-12-10T14:16:46.642+0000] {standard_task_runner.py:84} INFO - Running: ['airflow', 'tasks', 'run', 'process_protest_phase_data', 'process_after_protest', 'manual__2025-12-10T13:46:07.687778+00:00', '--job-id', '7', '--raw', '--subdir', 'DAGS_FOLDER/redditdag.py', '--cfg-path', '/tmp/tmpuq5hthbq']
[2025-12-10T14:16:46.645+0000] {standard_task_runner.py:85} INFO - Job 7: Subtask process_after_protest
[2025-12-10T14:16:46.682+0000] {task_command.py:415} INFO - Running <TaskInstance: process_protest_phase_data.process_after_protest manual__2025-12-10T13:46:07.687778+00:00 [running]> on host 76f313cf7a0c
[2025-12-10T14:16:46.730+0000] {taskinstance.py:1660} INFO - Exporting env vars: AIRFLOW_CTX_DAG_OWNER='Sayuj Chapagain' AIRFLOW_CTX_DAG_ID='process_protest_phase_data' AIRFLOW_CTX_TASK_ID='process_after_protest' AIRFLOW_CTX_EXECUTION_DATE='2025-12-10T13:46:07.687778+00:00' AIRFLOW_CTX_TRY_NUMBER='3' AIRFLOW_CTX_DAG_RUN_ID='manual__2025-12-10T13:46:07.687778+00:00'
[2025-12-10T14:16:46.732+0000] {reddit_processing_pipeline.py:410} INFO - ============================================================
[2025-12-10T14:16:46.732+0000] {reddit_processing_pipeline.py:411} INFO - PROCESSING PHASE: AFTER
[2025-12-10T14:16:46.733+0000] {reddit_processing_pipeline.py:412} INFO - Date Range: 20251014 to 20251030
[2025-12-10T14:16:46.733+0000] {reddit_processing_pipeline.py:413} INFO - ============================================================
[2025-12-10T14:16:46.733+0000] {reddit_processing_pipeline.py:416} INFO - STEP 1: Finding files in date range...
[2025-12-10T14:16:47.695+0000] {reddit_processing_pipeline.py:78} INFO - Found file in range: raw/reddit_20251014.csv
[2025-12-10T14:16:47.695+0000] {reddit_processing_pipeline.py:78} INFO - Found file in range: raw/reddit_20251015.csv
[2025-12-10T14:16:47.695+0000] {reddit_processing_pipeline.py:78} INFO - Found file in range: raw/reddit_20251016.csv
[2025-12-10T14:16:47.696+0000] {reddit_processing_pipeline.py:78} INFO - Found file in range: raw/reddit_20251017.csv
[2025-12-10T14:16:47.696+0000] {reddit_processing_pipeline.py:78} INFO - Found file in range: raw/reddit_20251018.csv
[2025-12-10T14:16:47.696+0000] {reddit_processing_pipeline.py:78} INFO - Found file in range: raw/reddit_20251019.csv
[2025-12-10T14:16:47.696+0000] {reddit_processing_pipeline.py:78} INFO - Found file in range: raw/reddit_20251020.csv
[2025-12-10T14:16:47.696+0000] {reddit_processing_pipeline.py:78} INFO - Found file in range: raw/reddit_20251021.csv
[2025-12-10T14:16:47.697+0000] {reddit_processing_pipeline.py:78} INFO - Found file in range: raw/reddit_20251022.csv
[2025-12-10T14:16:47.697+0000] {reddit_processing_pipeline.py:78} INFO - Found file in range: raw/reddit_20251023.csv
[2025-12-10T14:16:47.697+0000] {reddit_processing_pipeline.py:78} INFO - Found file in range: raw/reddit_20251024.csv
[2025-12-10T14:16:47.697+0000] {reddit_processing_pipeline.py:78} INFO - Found file in range: raw/reddit_20251025.csv
[2025-12-10T14:16:47.697+0000] {reddit_processing_pipeline.py:78} INFO - Found file in range: raw/reddit_20251026.csv
[2025-12-10T14:16:47.697+0000] {reddit_processing_pipeline.py:78} INFO - Found file in range: raw/reddit_20251027.csv
[2025-12-10T14:16:47.697+0000] {reddit_processing_pipeline.py:78} INFO - Found file in range: raw/reddit_20251028.csv
[2025-12-10T14:16:47.697+0000] {reddit_processing_pipeline.py:78} INFO - Found file in range: raw/reddit_20251029.csv
[2025-12-10T14:16:47.698+0000] {reddit_processing_pipeline.py:78} INFO - Found file in range: raw/reddit_20251030.csv
[2025-12-10T14:16:47.698+0000] {reddit_processing_pipeline.py:83} INFO - Found 17 files between 20251014 and 20251030
[2025-12-10T14:16:47.699+0000] {reddit_processing_pipeline.py:424} INFO - STEP 2: Downloading and combining files...
[2025-12-10T14:16:47.704+0000] {reddit_processing_pipeline.py:94} INFO - Downloading raw/reddit_20251014.csv from bucket reddit-s3
[2025-12-10T14:16:48.921+0000] {reddit_processing_pipeline.py:98} INFO - Successfully loaded 161 records from raw/reddit_20251014.csv
[2025-12-10T14:16:48.931+0000] {reddit_processing_pipeline.py:94} INFO - Downloading raw/reddit_20251015.csv from bucket reddit-s3
[2025-12-10T14:16:50.027+0000] {reddit_processing_pipeline.py:98} INFO - Successfully loaded 130 records from raw/reddit_20251015.csv
[2025-12-10T14:16:50.041+0000] {reddit_processing_pipeline.py:94} INFO - Downloading raw/reddit_20251016.csv from bucket reddit-s3
[2025-12-10T14:16:51.154+0000] {reddit_processing_pipeline.py:98} INFO - Successfully loaded 150 records from raw/reddit_20251016.csv
[2025-12-10T14:16:51.160+0000] {reddit_processing_pipeline.py:94} INFO - Downloading raw/reddit_20251017.csv from bucket reddit-s3
[2025-12-10T14:16:52.279+0000] {reddit_processing_pipeline.py:98} INFO - Successfully loaded 122 records from raw/reddit_20251017.csv
[2025-12-10T14:16:52.294+0000] {reddit_processing_pipeline.py:94} INFO - Downloading raw/reddit_20251018.csv from bucket reddit-s3
[2025-12-10T14:16:53.304+0000] {reddit_processing_pipeline.py:98} INFO - Successfully loaded 113 records from raw/reddit_20251018.csv
[2025-12-10T14:16:53.317+0000] {reddit_processing_pipeline.py:94} INFO - Downloading raw/reddit_20251019.csv from bucket reddit-s3
[2025-12-10T14:16:54.228+0000] {reddit_processing_pipeline.py:98} INFO - Successfully loaded 157 records from raw/reddit_20251019.csv
[2025-12-10T14:16:54.244+0000] {reddit_processing_pipeline.py:94} INFO - Downloading raw/reddit_20251020.csv from bucket reddit-s3
[2025-12-10T14:16:55.351+0000] {reddit_processing_pipeline.py:98} INFO - Successfully loaded 128 records from raw/reddit_20251020.csv
[2025-12-10T14:16:55.366+0000] {reddit_processing_pipeline.py:94} INFO - Downloading raw/reddit_20251021.csv from bucket reddit-s3
[2025-12-10T14:16:56.471+0000] {reddit_processing_pipeline.py:98} INFO - Successfully loaded 114 records from raw/reddit_20251021.csv
[2025-12-10T14:16:56.479+0000] {reddit_processing_pipeline.py:94} INFO - Downloading raw/reddit_20251022.csv from bucket reddit-s3
[2025-12-10T14:16:57.717+0000] {reddit_processing_pipeline.py:98} INFO - Successfully loaded 112 records from raw/reddit_20251022.csv
[2025-12-10T14:16:57.731+0000] {reddit_processing_pipeline.py:94} INFO - Downloading raw/reddit_20251023.csv from bucket reddit-s3
[2025-12-10T14:16:58.669+0000] {reddit_processing_pipeline.py:98} INFO - Successfully loaded 103 records from raw/reddit_20251023.csv
[2025-12-10T14:16:58.676+0000] {reddit_processing_pipeline.py:94} INFO - Downloading raw/reddit_20251024.csv from bucket reddit-s3
[2025-12-10T14:16:59.751+0000] {reddit_processing_pipeline.py:98} INFO - Successfully loaded 134 records from raw/reddit_20251024.csv
[2025-12-10T14:16:59.757+0000] {reddit_processing_pipeline.py:94} INFO - Downloading raw/reddit_20251025.csv from bucket reddit-s3
[2025-12-10T14:17:00.779+0000] {reddit_processing_pipeline.py:98} INFO - Successfully loaded 142 records from raw/reddit_20251025.csv
[2025-12-10T14:17:00.793+0000] {reddit_processing_pipeline.py:94} INFO - Downloading raw/reddit_20251026.csv from bucket reddit-s3
[2025-12-10T14:17:01.802+0000] {reddit_processing_pipeline.py:98} INFO - Successfully loaded 144 records from raw/reddit_20251026.csv
[2025-12-10T14:17:01.813+0000] {reddit_processing_pipeline.py:94} INFO - Downloading raw/reddit_20251027.csv from bucket reddit-s3
[2025-12-10T14:17:03.031+0000] {reddit_processing_pipeline.py:98} INFO - Successfully loaded 159 records from raw/reddit_20251027.csv
[2025-12-10T14:17:03.039+0000] {reddit_processing_pipeline.py:94} INFO - Downloading raw/reddit_20251028.csv from bucket reddit-s3
[2025-12-10T14:17:04.159+0000] {reddit_processing_pipeline.py:98} INFO - Successfully loaded 138 records from raw/reddit_20251028.csv
[2025-12-10T14:17:04.167+0000] {reddit_processing_pipeline.py:94} INFO - Downloading raw/reddit_20251029.csv from bucket reddit-s3
[2025-12-10T14:17:05.182+0000] {reddit_processing_pipeline.py:98} INFO - Successfully loaded 166 records from raw/reddit_20251029.csv
[2025-12-10T14:17:05.191+0000] {reddit_processing_pipeline.py:94} INFO - Downloading raw/reddit_20251030.csv from bucket reddit-s3
[2025-12-10T14:17:06.306+0000] {reddit_processing_pipeline.py:98} INFO - Successfully loaded 152 records from raw/reddit_20251030.csv
[2025-12-10T14:17:06.318+0000] {reddit_processing_pipeline.py:128} INFO - Combined 17 files into 2325 total records
[2025-12-10T14:17:06.319+0000] {reddit_processing_pipeline.py:432} INFO - STEP 3: Cleaning data...
[2025-12-10T14:17:06.319+0000] {reddit_processing_pipeline.py:135} INFO - Starting data cleaning...
[2025-12-10T14:17:06.321+0000] {reddit_processing_pipeline.py:138} INFO - Removed 0 duplicate records
[2025-12-10T14:17:06.327+0000] {reddit_processing_pipeline.py:147} INFO - Cleaned data: 2325 records remaining
[2025-12-10T14:17:06.327+0000] {reddit_processing_pipeline.py:436} INFO - STEP 4: Performing sentiment analysis...
[2025-12-10T14:17:06.327+0000] {reddit_processing_pipeline.py:236} INFO - Initializing enhanced sentiment analysis...
[2025-12-10T14:17:08.586+0000] {log.py:232} WARNING - Device set to use cpu
[2025-12-10T14:17:08.587+0000] {reddit_processing_pipeline.py:246} INFO - Running enhanced sentiment analysis on 2325 records...
[2025-12-10T14:17:08.588+0000] {reddit_processing_pipeline.py:250} WARNING - Processing first 1000 records
[2025-12-10T14:17:11.813+0000] {reddit_processing_pipeline.py:310} INFO - Processed batch 10/125
[2025-12-10T14:17:14.007+0000] {reddit_processing_pipeline.py:310} INFO - Processed batch 20/125
[2025-12-10T14:17:15.931+0000] {reddit_processing_pipeline.py:310} INFO - Processed batch 30/125
[2025-12-10T14:17:17.638+0000] {reddit_processing_pipeline.py:310} INFO - Processed batch 40/125
[2025-12-10T14:17:23.702+0000] {reddit_processing_pipeline.py:310} INFO - Processed batch 50/125
[2025-12-10T14:17:25.296+0000] {reddit_processing_pipeline.py:310} INFO - Processed batch 60/125
[2025-12-10T14:17:27.012+0000] {reddit_processing_pipeline.py:310} INFO - Processed batch 70/125
[2025-12-10T14:17:28.936+0000] {reddit_processing_pipeline.py:310} INFO - Processed batch 80/125
[2025-12-10T14:17:30.589+0000] {reddit_processing_pipeline.py:310} INFO - Processed batch 90/125
[2025-12-10T14:17:32.455+0000] {reddit_processing_pipeline.py:310} INFO - Processed batch 100/125
[2025-12-10T14:17:34.399+0000] {reddit_processing_pipeline.py:310} INFO - Processed batch 110/125
[2025-12-10T14:17:36.727+0000] {reddit_processing_pipeline.py:310} INFO - Processed batch 120/125
[2025-12-10T14:17:37.739+0000] {reddit_processing_pipeline.py:310} INFO - Processed batch 125/125
[2025-12-10T14:17:37.758+0000] {reddit_processing_pipeline.py:341} INFO - Enhanced sentiment analysis completed!
[2025-12-10T14:17:37.759+0000] {reddit_processing_pipeline.py:342} INFO - 
Sentiment distribution:
sentiment
NEUTRAL     1325
NEGATIVE     712
POSITIVE     288
Name: count, dtype: int64
[2025-12-10T14:17:37.761+0000] {reddit_processing_pipeline.py:343} INFO - 
Narrative distribution:
narrative_frame
general_discussion      2252
youth_empowerment         31
media_freedom             24
government_criticism       7
reform_advocacy            7
anti_corruption            4
Name: count, dtype: int64
[2025-12-10T14:17:37.761+0000] {reddit_processing_pipeline.py:344} INFO - 
Dominant emotion distribution:
dominant_emotion
neutral        1325
anger           897
frustration      40
hope             33
joy              15
fear             10
sadness           5
Name: count, dtype: int64
[2025-12-10T14:17:37.771+0000] {reddit_processing_pipeline.py:440} INFO - STEP 5: Saving to S3...
[2025-12-10T14:17:37.795+0000] {reddit_processing_pipeline.py:361} INFO - Uploading processed data to S3: processed/after_phase_20251014_20251030_processed.csv
[2025-12-10T14:17:40.411+0000] {reddit_processing_pipeline.py:367} INFO - Successfully uploaded processed data to S3
[2025-12-10T14:17:40.415+0000] {reddit_processing_pipeline.py:445} INFO - STEP 6: Saving to Postgres...
[2025-12-10T14:17:40.416+0000] {reddit_processing_pipeline.py:385} INFO - Connecting to Postgres database...
[2025-12-10T14:17:40.419+0000] {reddit_processing_pipeline.py:391} INFO - Saving 2325 records to Postgres table 'reddit_sentiment' with phase 'after'
[2025-12-10T14:17:42.620+0000] {reddit_processing_pipeline.py:394} INFO - Successfully saved to Postgres!
[2025-12-10T14:17:42.620+0000] {reddit_processing_pipeline.py:448} INFO - ============================================================
[2025-12-10T14:17:42.621+0000] {reddit_processing_pipeline.py:449} INFO - PHASE AFTER COMPLETED SUCCESSFULLY!
[2025-12-10T14:17:42.621+0000] {reddit_processing_pipeline.py:450} INFO - Processed 2325 records from 17 files
[2025-12-10T14:17:42.621+0000] {reddit_processing_pipeline.py:451} INFO - ============================================================
[2025-12-10T14:17:42.622+0000] {python.py:194} INFO - Done. Returned value was: Processed 2325 records for phase after
[2025-12-10T14:17:42.637+0000] {taskinstance.py:1398} INFO - Marking task as SUCCESS. dag_id=process_protest_phase_data, task_id=process_after_protest, execution_date=20251210T134607, start_date=20251210T141646, end_date=20251210T141742
[2025-12-10T14:17:42.684+0000] {local_task_job_runner.py:228} INFO - Task exited with return code 0
[2025-12-10T14:17:42.698+0000] {taskinstance.py:2776} INFO - 0 downstream tasks scheduled from follow-on schedule check
