[2025-12-10T13:46:13.078+0000] {taskinstance.py:1157} INFO - Dependencies all met for dep_context=non-requeueable deps ti=<TaskInstance: process_protest_phase_data.process_during_protest manual__2025-12-10T13:46:07.687778+00:00 [queued]>
[2025-12-10T13:46:13.083+0000] {taskinstance.py:1157} INFO - Dependencies all met for dep_context=requeueable deps ti=<TaskInstance: process_protest_phase_data.process_during_protest manual__2025-12-10T13:46:07.687778+00:00 [queued]>
[2025-12-10T13:46:13.084+0000] {taskinstance.py:1359} INFO - Starting attempt 1 of 3
[2025-12-10T13:46:13.096+0000] {taskinstance.py:1380} INFO - Executing <Task(PythonOperator): process_during_protest> on 2025-12-10 13:46:07.687778+00:00
[2025-12-10T13:46:13.114+0000] {standard_task_runner.py:57} INFO - Started process 64 to run task
[2025-12-10T13:46:13.119+0000] {standard_task_runner.py:84} INFO - Running: ['airflow', 'tasks', 'run', 'process_protest_phase_data', 'process_during_protest', 'manual__2025-12-10T13:46:07.687778+00:00', '--job-id', '5', '--raw', '--subdir', 'DAGS_FOLDER/redditdag.py', '--cfg-path', '/tmp/tmpe_yuaht8']
[2025-12-10T13:46:13.122+0000] {standard_task_runner.py:85} INFO - Job 5: Subtask process_during_protest
[2025-12-10T13:46:13.179+0000] {task_command.py:415} INFO - Running <TaskInstance: process_protest_phase_data.process_during_protest manual__2025-12-10T13:46:07.687778+00:00 [running]> on host 76f313cf7a0c
[2025-12-10T13:46:13.236+0000] {taskinstance.py:1660} INFO - Exporting env vars: AIRFLOW_CTX_DAG_OWNER='Sayuj Chapagain' AIRFLOW_CTX_DAG_ID='process_protest_phase_data' AIRFLOW_CTX_TASK_ID='process_during_protest' AIRFLOW_CTX_EXECUTION_DATE='2025-12-10T13:46:07.687778+00:00' AIRFLOW_CTX_TRY_NUMBER='1' AIRFLOW_CTX_DAG_RUN_ID='manual__2025-12-10T13:46:07.687778+00:00'
[2025-12-10T13:46:13.237+0000] {reddit_processing_pipeline.py:408} INFO - ============================================================
[2025-12-10T13:46:13.237+0000] {reddit_processing_pipeline.py:409} INFO - PROCESSING PHASE: DURING
[2025-12-10T13:46:13.238+0000] {reddit_processing_pipeline.py:410} INFO - Date Range: 20251011 to 20251013
[2025-12-10T13:46:13.238+0000] {reddit_processing_pipeline.py:411} INFO - ============================================================
[2025-12-10T13:46:13.238+0000] {reddit_processing_pipeline.py:414} INFO - STEP 1: Finding files in date range...
[2025-12-10T13:46:14.304+0000] {reddit_processing_pipeline.py:78} INFO - Found file in range: raw/reddit_20251011.csv
[2025-12-10T13:46:14.304+0000] {reddit_processing_pipeline.py:78} INFO - Found file in range: raw/reddit_20251012.csv
[2025-12-10T13:46:14.304+0000] {reddit_processing_pipeline.py:78} INFO - Found file in range: raw/reddit_20251013.csv
[2025-12-10T13:46:14.304+0000] {reddit_processing_pipeline.py:83} INFO - Found 3 files between 20251011 and 20251013
[2025-12-10T13:46:14.307+0000] {reddit_processing_pipeline.py:422} INFO - STEP 2: Downloading and combining files...
[2025-12-10T13:46:14.312+0000] {reddit_processing_pipeline.py:94} INFO - Downloading raw/reddit_20251011.csv from bucket reddit-s3
[2025-12-10T13:46:15.373+0000] {reddit_processing_pipeline.py:98} INFO - Successfully loaded 178 records from raw/reddit_20251011.csv
[2025-12-10T13:46:15.379+0000] {reddit_processing_pipeline.py:94} INFO - Downloading raw/reddit_20251012.csv from bucket reddit-s3
[2025-12-10T13:46:16.277+0000] {reddit_processing_pipeline.py:98} INFO - Successfully loaded 176 records from raw/reddit_20251012.csv
[2025-12-10T13:46:16.284+0000] {reddit_processing_pipeline.py:94} INFO - Downloading raw/reddit_20251013.csv from bucket reddit-s3
[2025-12-10T13:46:22.491+0000] {reddit_processing_pipeline.py:98} INFO - Successfully loaded 165 records from raw/reddit_20251013.csv
[2025-12-10T13:46:22.494+0000] {reddit_processing_pipeline.py:128} INFO - Combined 3 files into 519 total records
[2025-12-10T13:46:22.495+0000] {reddit_processing_pipeline.py:430} INFO - STEP 3: Cleaning data...
[2025-12-10T13:46:22.495+0000] {reddit_processing_pipeline.py:135} INFO - Starting data cleaning...
[2025-12-10T13:46:22.499+0000] {reddit_processing_pipeline.py:138} INFO - Removed 0 duplicate records
[2025-12-10T13:46:22.502+0000] {reddit_processing_pipeline.py:145} INFO - Cleaned data: 519 records remaining
[2025-12-10T13:46:22.502+0000] {reddit_processing_pipeline.py:434} INFO - STEP 4: Performing sentiment analysis...
[2025-12-10T13:46:22.502+0000] {reddit_processing_pipeline.py:234} INFO - Initializing enhanced sentiment analysis...
[2025-12-10T13:46:57.771+0000] {log.py:232} WARNING - Device set to use cpu
[2025-12-10T13:46:57.771+0000] {reddit_processing_pipeline.py:244} INFO - Running enhanced sentiment analysis on 519 records...
[2025-12-10T13:48:51.013+0000] {reddit_processing_pipeline.py:308} INFO - Processed batch 10/65
[2025-12-10T13:50:44.197+0000] {reddit_processing_pipeline.py:308} INFO - Processed batch 20/65
[2025-12-10T13:52:31.460+0000] {reddit_processing_pipeline.py:308} INFO - Processed batch 30/65
[2025-12-10T13:54:20.957+0000] {reddit_processing_pipeline.py:308} INFO - Processed batch 40/65
[2025-12-10T13:56:11.376+0000] {reddit_processing_pipeline.py:308} INFO - Processed batch 50/65
[2025-12-10T13:58:01.896+0000] {reddit_processing_pipeline.py:308} INFO - Processed batch 60/65
[2025-12-10T13:58:56.348+0000] {reddit_processing_pipeline.py:308} INFO - Processed batch 65/65
[2025-12-10T13:58:56.402+0000] {reddit_processing_pipeline.py:339} INFO - Enhanced sentiment analysis completed!
[2025-12-10T13:58:56.408+0000] {reddit_processing_pipeline.py:340} INFO - 
Sentiment distribution:
sentiment
NEGATIVE    361
POSITIVE    158
Name: count, dtype: int64
[2025-12-10T13:58:56.409+0000] {reddit_processing_pipeline.py:341} INFO - 
Narrative distribution:
narrative_frame
general_discussion      451
youth_empowerment        28
government_criticism     14
media_freedom            14
reform_advocacy           7
anti_corruption           5
Name: count, dtype: int64
[2025-12-10T13:58:56.410+0000] {reddit_processing_pipeline.py:342} INFO - 
Dominant emotion distribution:
dominant_emotion
anger          476
hope            17
joy             11
frustration      9
sadness          4
fear             2
Name: count, dtype: int64
[2025-12-10T13:58:56.434+0000] {reddit_processing_pipeline.py:438} INFO - STEP 5: Saving to S3...
[2025-12-10T13:58:56.469+0000] {reddit_processing_pipeline.py:359} INFO - Uploading processed data to S3: processed/during_phase_20251011_20251013_processed.csv
[2025-12-10T13:58:58.788+0000] {reddit_processing_pipeline.py:365} INFO - Successfully uploaded processed data to S3
[2025-12-10T13:58:58.791+0000] {reddit_processing_pipeline.py:443} INFO - STEP 6: Saving to Postgres...
[2025-12-10T13:58:58.795+0000] {reddit_processing_pipeline.py:383} INFO - Connecting to Postgres database...
[2025-12-10T13:58:58.814+0000] {reddit_processing_pipeline.py:389} INFO - Saving 519 records to Postgres table 'reddit_sentiment' with phase 'during'
[2025-12-10T13:59:00.070+0000] {reddit_processing_pipeline.py:392} INFO - Successfully saved to Postgres!
[2025-12-10T13:59:00.071+0000] {reddit_processing_pipeline.py:446} INFO - ============================================================
[2025-12-10T13:59:00.071+0000] {reddit_processing_pipeline.py:447} INFO - PHASE DURING COMPLETED SUCCESSFULLY!
[2025-12-10T13:59:00.071+0000] {reddit_processing_pipeline.py:448} INFO - Processed 519 records from 3 files
[2025-12-10T13:59:00.071+0000] {reddit_processing_pipeline.py:449} INFO - ============================================================
[2025-12-10T13:59:00.072+0000] {python.py:194} INFO - Done. Returned value was: Processed 519 records for phase during
[2025-12-10T13:59:00.104+0000] {taskinstance.py:1398} INFO - Marking task as SUCCESS. dag_id=process_protest_phase_data, task_id=process_during_protest, execution_date=20251210T134607, start_date=20251210T134613, end_date=20251210T135900
[2025-12-10T13:59:00.236+0000] {local_task_job_runner.py:228} INFO - Task exited with return code 0
[2025-12-10T13:59:00.267+0000] {taskinstance.py:2776} INFO - 0 downstream tasks scheduled from follow-on schedule check
