[2025-12-10T13:38:59.544+0000] {taskinstance.py:1157} INFO - Dependencies all met for dep_context=non-requeueable deps ti=<TaskInstance: process_protest_phase_data.process_after_protest manual__2025-12-10T13:14:29.926464+00:00 [queued]>
[2025-12-10T13:38:59.562+0000] {taskinstance.py:1157} INFO - Dependencies all met for dep_context=requeueable deps ti=<TaskInstance: process_protest_phase_data.process_after_protest manual__2025-12-10T13:14:29.926464+00:00 [queued]>
[2025-12-10T13:38:59.563+0000] {taskinstance.py:1359} INFO - Starting attempt 2 of 3
[2025-12-10T13:38:59.603+0000] {taskinstance.py:1380} INFO - Executing <Task(PythonOperator): process_after_protest> on 2025-12-10 13:14:29.926464+00:00
[2025-12-10T13:38:59.670+0000] {standard_task_runner.py:57} INFO - Started process 207 to run task
[2025-12-10T13:38:59.681+0000] {standard_task_runner.py:84} INFO - Running: ['airflow', 'tasks', 'run', 'process_protest_phase_data', 'process_after_protest', 'manual__2025-12-10T13:14:29.926464+00:00', '--job-id', '24', '--raw', '--subdir', 'DAGS_FOLDER/redditdag.py', '--cfg-path', '/tmp/tmpuo9kukwd']
[2025-12-10T13:38:59.703+0000] {standard_task_runner.py:85} INFO - Job 24: Subtask process_after_protest
[2025-12-10T13:38:59.770+0000] {task_command.py:415} INFO - Running <TaskInstance: process_protest_phase_data.process_after_protest manual__2025-12-10T13:14:29.926464+00:00 [running]> on host 062487ab5c0d
[2025-12-10T13:38:59.853+0000] {taskinstance.py:1660} INFO - Exporting env vars: AIRFLOW_CTX_DAG_OWNER='Sayuj Chapagain' AIRFLOW_CTX_DAG_ID='process_protest_phase_data' AIRFLOW_CTX_TASK_ID='process_after_protest' AIRFLOW_CTX_EXECUTION_DATE='2025-12-10T13:14:29.926464+00:00' AIRFLOW_CTX_TRY_NUMBER='2' AIRFLOW_CTX_DAG_RUN_ID='manual__2025-12-10T13:14:29.926464+00:00'
[2025-12-10T13:38:59.859+0000] {reddit_processing_pipeline.py:408} INFO - ============================================================
[2025-12-10T13:38:59.859+0000] {reddit_processing_pipeline.py:409} INFO - PROCESSING PHASE: AFTER
[2025-12-10T13:38:59.859+0000] {reddit_processing_pipeline.py:410} INFO - Date Range: 20251014 to 20251030
[2025-12-10T13:38:59.860+0000] {reddit_processing_pipeline.py:411} INFO - ============================================================
[2025-12-10T13:38:59.860+0000] {reddit_processing_pipeline.py:414} INFO - STEP 1: Finding files in date range...
[2025-12-10T13:39:00.876+0000] {reddit_processing_pipeline.py:78} INFO - Found file in range: raw/reddit_20251014.csv
[2025-12-10T13:39:00.879+0000] {reddit_processing_pipeline.py:78} INFO - Found file in range: raw/reddit_20251015.csv
[2025-12-10T13:39:00.880+0000] {reddit_processing_pipeline.py:78} INFO - Found file in range: raw/reddit_20251016.csv
[2025-12-10T13:39:00.881+0000] {reddit_processing_pipeline.py:78} INFO - Found file in range: raw/reddit_20251017.csv
[2025-12-10T13:39:00.882+0000] {reddit_processing_pipeline.py:78} INFO - Found file in range: raw/reddit_20251018.csv
[2025-12-10T13:39:00.883+0000] {reddit_processing_pipeline.py:78} INFO - Found file in range: raw/reddit_20251019.csv
[2025-12-10T13:39:00.884+0000] {reddit_processing_pipeline.py:78} INFO - Found file in range: raw/reddit_20251020.csv
[2025-12-10T13:39:00.884+0000] {reddit_processing_pipeline.py:78} INFO - Found file in range: raw/reddit_20251021.csv
[2025-12-10T13:39:00.886+0000] {reddit_processing_pipeline.py:78} INFO - Found file in range: raw/reddit_20251022.csv
[2025-12-10T13:39:00.887+0000] {reddit_processing_pipeline.py:78} INFO - Found file in range: raw/reddit_20251023.csv
[2025-12-10T13:39:00.888+0000] {reddit_processing_pipeline.py:78} INFO - Found file in range: raw/reddit_20251024.csv
[2025-12-10T13:39:00.888+0000] {reddit_processing_pipeline.py:78} INFO - Found file in range: raw/reddit_20251025.csv
[2025-12-10T13:39:00.888+0000] {reddit_processing_pipeline.py:78} INFO - Found file in range: raw/reddit_20251026.csv
[2025-12-10T13:39:00.889+0000] {reddit_processing_pipeline.py:78} INFO - Found file in range: raw/reddit_20251027.csv
[2025-12-10T13:39:00.890+0000] {reddit_processing_pipeline.py:78} INFO - Found file in range: raw/reddit_20251028.csv
[2025-12-10T13:39:00.891+0000] {reddit_processing_pipeline.py:78} INFO - Found file in range: raw/reddit_20251029.csv
[2025-12-10T13:39:00.891+0000] {reddit_processing_pipeline.py:78} INFO - Found file in range: raw/reddit_20251030.csv
[2025-12-10T13:39:00.891+0000] {reddit_processing_pipeline.py:83} INFO - Found 17 files between 20251014 and 20251030
[2025-12-10T13:39:00.896+0000] {reddit_processing_pipeline.py:422} INFO - STEP 2: Downloading and combining files...
[2025-12-10T13:39:00.909+0000] {reddit_processing_pipeline.py:94} INFO - Downloading raw/reddit_20251014.csv from bucket reddit-s3
[2025-12-10T13:39:01.871+0000] {reddit_processing_pipeline.py:98} INFO - Successfully loaded 161 records from raw/reddit_20251014.csv
[2025-12-10T13:39:01.891+0000] {reddit_processing_pipeline.py:94} INFO - Downloading raw/reddit_20251015.csv from bucket reddit-s3
[2025-12-10T13:39:02.833+0000] {reddit_processing_pipeline.py:98} INFO - Successfully loaded 130 records from raw/reddit_20251015.csv
[2025-12-10T13:39:02.853+0000] {reddit_processing_pipeline.py:94} INFO - Downloading raw/reddit_20251016.csv from bucket reddit-s3
[2025-12-10T13:39:04.039+0000] {reddit_processing_pipeline.py:98} INFO - Successfully loaded 150 records from raw/reddit_20251016.csv
[2025-12-10T13:39:04.057+0000] {reddit_processing_pipeline.py:94} INFO - Downloading raw/reddit_20251017.csv from bucket reddit-s3
[2025-12-10T13:39:05.103+0000] {reddit_processing_pipeline.py:98} INFO - Successfully loaded 122 records from raw/reddit_20251017.csv
[2025-12-10T13:39:05.128+0000] {reddit_processing_pipeline.py:94} INFO - Downloading raw/reddit_20251018.csv from bucket reddit-s3
[2025-12-10T13:39:06.283+0000] {reddit_processing_pipeline.py:98} INFO - Successfully loaded 113 records from raw/reddit_20251018.csv
[2025-12-10T13:39:06.303+0000] {reddit_processing_pipeline.py:94} INFO - Downloading raw/reddit_20251019.csv from bucket reddit-s3
[2025-12-10T13:39:07.311+0000] {reddit_processing_pipeline.py:98} INFO - Successfully loaded 157 records from raw/reddit_20251019.csv
[2025-12-10T13:39:07.330+0000] {reddit_processing_pipeline.py:94} INFO - Downloading raw/reddit_20251020.csv from bucket reddit-s3
[2025-12-10T13:39:08.353+0000] {reddit_processing_pipeline.py:98} INFO - Successfully loaded 128 records from raw/reddit_20251020.csv
[2025-12-10T13:39:08.381+0000] {reddit_processing_pipeline.py:94} INFO - Downloading raw/reddit_20251021.csv from bucket reddit-s3
[2025-12-10T13:39:09.661+0000] {reddit_processing_pipeline.py:98} INFO - Successfully loaded 114 records from raw/reddit_20251021.csv
[2025-12-10T13:39:09.693+0000] {reddit_processing_pipeline.py:94} INFO - Downloading raw/reddit_20251022.csv from bucket reddit-s3
[2025-12-10T13:39:10.589+0000] {reddit_processing_pipeline.py:98} INFO - Successfully loaded 112 records from raw/reddit_20251022.csv
[2025-12-10T13:39:10.608+0000] {reddit_processing_pipeline.py:94} INFO - Downloading raw/reddit_20251023.csv from bucket reddit-s3
[2025-12-10T13:39:11.568+0000] {reddit_processing_pipeline.py:98} INFO - Successfully loaded 103 records from raw/reddit_20251023.csv
[2025-12-10T13:39:11.588+0000] {reddit_processing_pipeline.py:94} INFO - Downloading raw/reddit_20251024.csv from bucket reddit-s3
[2025-12-10T13:39:12.735+0000] {reddit_processing_pipeline.py:98} INFO - Successfully loaded 134 records from raw/reddit_20251024.csv
[2025-12-10T13:39:12.762+0000] {reddit_processing_pipeline.py:94} INFO - Downloading raw/reddit_20251025.csv from bucket reddit-s3
[2025-12-10T13:39:13.815+0000] {reddit_processing_pipeline.py:98} INFO - Successfully loaded 142 records from raw/reddit_20251025.csv
[2025-12-10T13:39:13.843+0000] {reddit_processing_pipeline.py:94} INFO - Downloading raw/reddit_20251026.csv from bucket reddit-s3
[2025-12-10T13:39:14.985+0000] {reddit_processing_pipeline.py:98} INFO - Successfully loaded 144 records from raw/reddit_20251026.csv
[2025-12-10T13:39:15.004+0000] {reddit_processing_pipeline.py:94} INFO - Downloading raw/reddit_20251027.csv from bucket reddit-s3
[2025-12-10T13:39:16.045+0000] {reddit_processing_pipeline.py:98} INFO - Successfully loaded 159 records from raw/reddit_20251027.csv
[2025-12-10T13:39:16.076+0000] {reddit_processing_pipeline.py:94} INFO - Downloading raw/reddit_20251028.csv from bucket reddit-s3
[2025-12-10T13:39:17.142+0000] {reddit_processing_pipeline.py:98} INFO - Successfully loaded 138 records from raw/reddit_20251028.csv
[2025-12-10T13:39:17.178+0000] {reddit_processing_pipeline.py:94} INFO - Downloading raw/reddit_20251029.csv from bucket reddit-s3
[2025-12-10T13:39:23.281+0000] {reddit_processing_pipeline.py:98} INFO - Successfully loaded 166 records from raw/reddit_20251029.csv
[2025-12-10T13:39:23.305+0000] {reddit_processing_pipeline.py:94} INFO - Downloading raw/reddit_20251030.csv from bucket reddit-s3
[2025-12-10T13:39:24.404+0000] {reddit_processing_pipeline.py:98} INFO - Successfully loaded 152 records from raw/reddit_20251030.csv
[2025-12-10T13:39:24.425+0000] {reddit_processing_pipeline.py:128} INFO - Combined 17 files into 2325 total records
[2025-12-10T13:39:24.426+0000] {reddit_processing_pipeline.py:430} INFO - STEP 3: Cleaning data...
[2025-12-10T13:39:24.428+0000] {reddit_processing_pipeline.py:135} INFO - Starting data cleaning...
[2025-12-10T13:39:24.434+0000] {reddit_processing_pipeline.py:138} INFO - Removed 0 duplicate records
[2025-12-10T13:39:24.457+0000] {reddit_processing_pipeline.py:145} INFO - Cleaned data: 2325 records remaining
[2025-12-10T13:39:24.470+0000] {reddit_processing_pipeline.py:434} INFO - STEP 4: Performing sentiment analysis...
[2025-12-10T13:39:24.474+0000] {reddit_processing_pipeline.py:234} INFO - Initializing enhanced sentiment analysis...
[2025-12-10T13:39:26.752+0000] {log.py:232} WARNING - Device set to use cpu
[2025-12-10T13:39:26.756+0000] {reddit_processing_pipeline.py:244} INFO - Running enhanced sentiment analysis on 2325 records...
[2025-12-10T13:39:26.760+0000] {reddit_processing_pipeline.py:248} WARNING - Processing first 1000 records
[2025-12-10T13:41:44.467+0000] {reddit_processing_pipeline.py:308} INFO - Processed batch 10/125
[2025-12-10T13:43:27.933+0000] {local_task_job_runner.py:294} WARNING - State of this instance has been externally set to failed. Terminating instance.
[2025-12-10T13:43:27.939+0000] {process_utils.py:131} INFO - Sending 15 to group 207. PIDs of all processes in the group: [207]
[2025-12-10T13:43:27.939+0000] {process_utils.py:86} INFO - Sending the signal 15 to group 207
[2025-12-10T13:43:27.943+0000] {taskinstance.py:1630} ERROR - Received SIGTERM. Terminating subprocesses.
[2025-12-10T13:43:27.950+0000] {reddit_processing_pipeline.py:298} WARNING - Error in batch 18: Task received SIGTERM signal
[2025-12-10T13:43:36.390+0000] {local_task_job_runner.py:115} ERROR - Received SIGTERM. Terminating subprocesses
[2025-12-10T13:43:36.392+0000] {process_utils.py:131} INFO - Sending 15 to group 207. PIDs of all processes in the group: [207]
[2025-12-10T13:43:36.393+0000] {process_utils.py:86} INFO - Sending the signal 15 to group 207
[2025-12-10T13:43:36.426+0000] {taskinstance.py:1630} ERROR - Received SIGTERM. Terminating subprocesses.
[2025-12-10T13:43:36.427+0000] {reddit_processing_pipeline.py:298} WARNING - Error in batch 19: Task received SIGTERM signal
