[2025-12-08T00:00:01.301+0000] {taskinstance.py:1157} INFO - Dependencies all met for dep_context=non-requeueable deps ti=<TaskInstance: etl_reddit_pipeline.reddit_extraction scheduled__2025-12-07T00:00:00+00:00 [queued]>
[2025-12-08T00:00:01.306+0000] {taskinstance.py:1157} INFO - Dependencies all met for dep_context=requeueable deps ti=<TaskInstance: etl_reddit_pipeline.reddit_extraction scheduled__2025-12-07T00:00:00+00:00 [queued]>
[2025-12-08T00:00:01.307+0000] {taskinstance.py:1359} INFO - Starting attempt 1 of 1
[2025-12-08T00:00:01.315+0000] {taskinstance.py:1380} INFO - Executing <Task(PythonOperator): reddit_extraction> on 2025-12-07 00:00:00+00:00
[2025-12-08T00:00:01.321+0000] {standard_task_runner.py:57} INFO - Started process 73 to run task
[2025-12-08T00:00:01.322+0000] {standard_task_runner.py:84} INFO - Running: ['airflow', 'tasks', 'run', 'etl_reddit_pipeline', 'reddit_extraction', 'scheduled__2025-12-07T00:00:00+00:00', '--job-id', '15', '--raw', '--subdir', 'DAGS_FOLDER/redditdag.py', '--cfg-path', '/tmp/tmpsqo94b7_']
[2025-12-08T00:00:01.510+0000] {standard_task_runner.py:85} INFO - Job 15: Subtask reddit_extraction
[2025-12-08T00:00:01.588+0000] {task_command.py:415} INFO - Running <TaskInstance: etl_reddit_pipeline.reddit_extraction scheduled__2025-12-07T00:00:00+00:00 [running]> on host 526786e550fb
[2025-12-08T00:00:01.626+0000] {taskinstance.py:1660} INFO - Exporting env vars: AIRFLOW_CTX_DAG_OWNER='Sayuj Chapagain' AIRFLOW_CTX_DAG_ID='etl_reddit_pipeline' AIRFLOW_CTX_TASK_ID='reddit_extraction' AIRFLOW_CTX_EXECUTION_DATE='2025-12-07T00:00:00+00:00' AIRFLOW_CTX_TRY_NUMBER='1' AIRFLOW_CTX_DAG_RUN_ID='scheduled__2025-12-07T00:00:00+00:00'
[2025-12-08T00:00:01.865+0000] {logging_mixin.py:151} WARNING - Version 7.7.1 of praw is outdated. Version 7.8.1 was released Friday October 25, 2024.
[2025-12-08T00:00:01.866+0000] {logging_mixin.py:151} INFO - connected to reddit!
[2025-12-08T00:00:01.868+0000] {logging_mixin.py:151} INFO - <praw.models.listing.generator.ListingGenerator object at 0x7f5a4f301f50>
[2025-12-08T00:00:09.216+0000] {python.py:194} INFO - Done. Returned value was: /opt/airflow/data/output/reddit_20251208.csv
[2025-12-08T00:00:09.229+0000] {taskinstance.py:1398} INFO - Marking task as SUCCESS. dag_id=etl_reddit_pipeline, task_id=reddit_extraction, execution_date=20251207T000000, start_date=20251208T000001, end_date=20251208T000009
[2025-12-08T00:00:09.278+0000] {local_task_job_runner.py:228} INFO - Task exited with return code 0
[2025-12-08T00:00:09.302+0000] {taskinstance.py:2776} INFO - 0 downstream tasks scheduled from follow-on schedule check
[2025-12-08T16:55:39.141+0000] {taskinstance.py:1157} INFO - Dependencies all met for dep_context=non-requeueable deps ti=<TaskInstance: etl_reddit_pipeline.reddit_extraction scheduled__2025-12-07T00:00:00+00:00 [queued]>
[2025-12-08T16:55:39.154+0000] {taskinstance.py:1157} INFO - Dependencies all met for dep_context=requeueable deps ti=<TaskInstance: etl_reddit_pipeline.reddit_extraction scheduled__2025-12-07T00:00:00+00:00 [queued]>
[2025-12-08T16:55:39.155+0000] {taskinstance.py:1359} INFO - Starting attempt 1 of 3
[2025-12-08T16:55:39.171+0000] {taskinstance.py:1380} INFO - Executing <Task(PythonOperator): reddit_extraction> on 2025-12-07 00:00:00+00:00
[2025-12-08T16:55:39.186+0000] {standard_task_runner.py:57} INFO - Started process 61 to run task
[2025-12-08T16:55:39.191+0000] {standard_task_runner.py:84} INFO - Running: ['airflow', 'tasks', 'run', 'etl_reddit_pipeline', 'reddit_extraction', 'scheduled__2025-12-07T00:00:00+00:00', '--job-id', '3', '--raw', '--subdir', 'DAGS_FOLDER/redditdag.py', '--cfg-path', '/tmp/tmpqxhq2ztf']
[2025-12-08T16:55:39.197+0000] {standard_task_runner.py:85} INFO - Job 3: Subtask reddit_extraction
[2025-12-08T16:55:39.259+0000] {task_command.py:415} INFO - Running <TaskInstance: etl_reddit_pipeline.reddit_extraction scheduled__2025-12-07T00:00:00+00:00 [running]> on host e34baf0792d7
[2025-12-08T16:55:39.360+0000] {taskinstance.py:1660} INFO - Exporting env vars: AIRFLOW_CTX_DAG_OWNER='Sayuj Chapagain' AIRFLOW_CTX_DAG_ID='etl_reddit_pipeline' AIRFLOW_CTX_TASK_ID='reddit_extraction' AIRFLOW_CTX_EXECUTION_DATE='2025-12-07T00:00:00+00:00' AIRFLOW_CTX_TRY_NUMBER='1' AIRFLOW_CTX_DAG_RUN_ID='scheduled__2025-12-07T00:00:00+00:00'
[2025-12-08T16:55:39.908+0000] {logging_mixin.py:151} WARNING - Version 7.7.1 of praw is outdated. Version 7.8.1 was released Friday October 25, 2024.
[2025-12-08T16:55:39.911+0000] {logging_mixin.py:151} INFO - connected to reddit!
[2025-12-08T16:55:39.913+0000] {logging_mixin.py:151} INFO - <praw.models.listing.generator.ListingGenerator object at 0x7f71f9f2f2d0>
[2025-12-08T16:55:42.540+0000] {python.py:194} INFO - Done. Returned value was: /opt/airflow/data/output/reddit_20251208.csv
[2025-12-08T16:55:42.567+0000] {taskinstance.py:1398} INFO - Marking task as SUCCESS. dag_id=etl_reddit_pipeline, task_id=reddit_extraction, execution_date=20251207T000000, start_date=20251208T165539, end_date=20251208T165542
[2025-12-08T16:55:42.608+0000] {local_task_job_runner.py:228} INFO - Task exited with return code 0
[2025-12-08T16:55:42.641+0000] {taskinstance.py:2776} INFO - 1 downstream tasks scheduled from follow-on schedule check
