[2025-12-08T17:02:50.031+0000] {taskinstance.py:1157} INFO - Dependencies all met for dep_context=non-requeueable deps ti=<TaskInstance: etl_reddit_pipeline.process_reddit_data manual__2025-12-08T17:02:26.761855+00:00 [queued]>
[2025-12-08T17:02:50.047+0000] {taskinstance.py:1157} INFO - Dependencies all met for dep_context=requeueable deps ti=<TaskInstance: etl_reddit_pipeline.process_reddit_data manual__2025-12-08T17:02:26.761855+00:00 [queued]>
[2025-12-08T17:02:50.048+0000] {taskinstance.py:1359} INFO - Starting attempt 1 of 3
[2025-12-08T17:02:50.071+0000] {taskinstance.py:1380} INFO - Executing <Task(PythonOperator): process_reddit_data> on 2025-12-08 17:02:26.761855+00:00
[2025-12-08T17:02:50.088+0000] {standard_task_runner.py:57} INFO - Started process 144 to run task
[2025-12-08T17:02:50.096+0000] {standard_task_runner.py:84} INFO - Running: ['airflow', 'tasks', 'run', 'etl_reddit_pipeline', 'process_reddit_data', 'manual__2025-12-08T17:02:26.761855+00:00', '--job-id', '10', '--raw', '--subdir', 'DAGS_FOLDER/redditdag.py', '--cfg-path', '/tmp/tmpglgh6z1g']
[2025-12-08T17:02:50.101+0000] {standard_task_runner.py:85} INFO - Job 10: Subtask process_reddit_data
[2025-12-08T17:02:50.199+0000] {task_command.py:415} INFO - Running <TaskInstance: etl_reddit_pipeline.process_reddit_data manual__2025-12-08T17:02:26.761855+00:00 [running]> on host e34baf0792d7
[2025-12-08T17:02:50.358+0000] {taskinstance.py:1660} INFO - Exporting env vars: AIRFLOW_CTX_DAG_OWNER='Sayuj Chapagain' AIRFLOW_CTX_DAG_ID='etl_reddit_pipeline' AIRFLOW_CTX_TASK_ID='process_reddit_data' AIRFLOW_CTX_EXECUTION_DATE='2025-12-08T17:02:26.761855+00:00' AIRFLOW_CTX_TRY_NUMBER='1' AIRFLOW_CTX_DAG_RUN_ID='manual__2025-12-08T17:02:26.761855+00:00'
[2025-12-08T17:02:50.361+0000] {reddit_processing_pipeline.py:235} INFO - ==================================================
[2025-12-08T17:02:50.361+0000] {reddit_processing_pipeline.py:236} INFO - STEP 1: Downloading raw data from S3
[2025-12-08T17:02:50.362+0000] {reddit_processing_pipeline.py:237} INFO - ==================================================
[2025-12-08T17:02:50.458+0000] {reddit_processing_pipeline.py:39} INFO - Downloading raw/reddit_20251208.csv from bucket reddit-s3
[2025-12-08T17:02:51.422+0000] {reddit_processing_pipeline.py:45} INFO - Successfully loaded 59 records from S3
[2025-12-08T17:02:51.426+0000] {reddit_processing_pipeline.py:241} INFO - ==================================================
[2025-12-08T17:02:51.428+0000] {reddit_processing_pipeline.py:242} INFO - STEP 2: Cleaning data
[2025-12-08T17:02:51.428+0000] {reddit_processing_pipeline.py:243} INFO - ==================================================
[2025-12-08T17:02:51.429+0000] {reddit_processing_pipeline.py:55} INFO - Starting data cleaning...
[2025-12-08T17:02:51.433+0000] {reddit_processing_pipeline.py:60} INFO - Removed 0 duplicate records
[2025-12-08T17:02:51.440+0000] {reddit_processing_pipeline.py:75} INFO - Cleaned data: 59 records remaining
[2025-12-08T17:02:51.441+0000] {reddit_processing_pipeline.py:247} INFO - ==================================================
[2025-12-08T17:02:51.441+0000] {reddit_processing_pipeline.py:248} INFO - STEP 3: Performing sentiment analysis
[2025-12-08T17:02:51.442+0000] {reddit_processing_pipeline.py:249} INFO - ==================================================
[2025-12-08T17:02:51.442+0000] {reddit_processing_pipeline.py:87} INFO - Initializing sentiment analysis model...
[2025-12-08T17:02:53.714+0000] {log.py:232} WARNING - Device set to use cpu
[2025-12-08T17:02:53.716+0000] {reddit_processing_pipeline.py:98} INFO - Running sentiment analysis on 59 records...
[2025-12-08T17:02:54.532+0000] {reddit_processing_pipeline.py:144} INFO - Processed batch 5/15
[2025-12-08T17:02:55.249+0000] {reddit_processing_pipeline.py:144} INFO - Processed batch 10/15
[2025-12-08T17:02:56.381+0000] {reddit_processing_pipeline.py:144} INFO - Processed batch 15/15
[2025-12-08T17:02:56.383+0000] {reddit_processing_pipeline.py:156} INFO - Sentiment analysis completed!
[2025-12-08T17:02:56.387+0000] {reddit_processing_pipeline.py:157} INFO - Sentiment distribution:
sentiment
NEGATIVE    37
POSITIVE    22
Name: count, dtype: int64
[2025-12-08T17:02:56.400+0000] {reddit_processing_pipeline.py:253} INFO - ==================================================
[2025-12-08T17:02:56.401+0000] {reddit_processing_pipeline.py:254} INFO - STEP 4: Saving to S3
[2025-12-08T17:02:56.401+0000] {reddit_processing_pipeline.py:255} INFO - ==================================================
[2025-12-08T17:02:56.411+0000] {reddit_processing_pipeline.py:177} INFO - Uploading processed data to S3: processed/reddit_20251208_processed.csv
[2025-12-08T17:02:58.024+0000] {reddit_processing_pipeline.py:184} INFO - Successfully uploaded processed data to S3
[2025-12-08T17:02:58.026+0000] {reddit_processing_pipeline.py:259} INFO - ==================================================
[2025-12-08T17:02:58.027+0000] {reddit_processing_pipeline.py:260} INFO - STEP 5: Saving to Postgres
[2025-12-08T17:02:58.027+0000] {reddit_processing_pipeline.py:261} INFO - ==================================================
[2025-12-08T17:02:58.028+0000] {reddit_processing_pipeline.py:205} INFO - Connecting to Postgres database...
[2025-12-08T17:02:58.030+0000] {reddit_processing_pipeline.py:212} INFO - Saving 59 records to Postgres table 'reddit_sentiment'
[2025-12-08T17:02:58.098+0000] {reddit_processing_pipeline.py:215} INFO - Successfully saved to Postgres!
[2025-12-08T17:02:58.099+0000] {reddit_processing_pipeline.py:264} INFO - ==================================================
[2025-12-08T17:02:58.100+0000] {reddit_processing_pipeline.py:265} INFO - PIPELINE COMPLETED SUCCESSFULLY!
[2025-12-08T17:02:58.100+0000] {reddit_processing_pipeline.py:266} INFO - ==================================================
[2025-12-08T17:02:58.101+0000] {python.py:194} INFO - Done. Returned value was: Processed 59 records
[2025-12-08T17:02:58.127+0000] {taskinstance.py:1398} INFO - Marking task as SUCCESS. dag_id=etl_reddit_pipeline, task_id=process_reddit_data, execution_date=20251208T170226, start_date=20251208T170250, end_date=20251208T170258
[2025-12-08T17:02:58.200+0000] {local_task_job_runner.py:228} INFO - Task exited with return code 0
[2025-12-08T17:02:58.219+0000] {taskinstance.py:2776} INFO - 0 downstream tasks scheduled from follow-on schedule check
