[2025-12-11T01:41:19.538+0000] {taskinstance.py:1157} INFO - Dependencies all met for dep_context=non-requeueable deps ti=<TaskInstance: etl_reddit_pipeline_realtime.process_reddit_data scheduled__2025-12-10T00:00:00+00:00 [queued]>
[2025-12-11T01:41:19.543+0000] {taskinstance.py:1157} INFO - Dependencies all met for dep_context=requeueable deps ti=<TaskInstance: etl_reddit_pipeline_realtime.process_reddit_data scheduled__2025-12-10T00:00:00+00:00 [queued]>
[2025-12-11T01:41:19.543+0000] {taskinstance.py:1359} INFO - Starting attempt 1 of 3
[2025-12-11T01:41:19.550+0000] {taskinstance.py:1380} INFO - Executing <Task(PythonOperator): process_reddit_data> on 2025-12-10 00:00:00+00:00
[2025-12-11T01:41:19.558+0000] {standard_task_runner.py:57} INFO - Started process 66 to run task
[2025-12-11T01:41:19.562+0000] {standard_task_runner.py:84} INFO - Running: ['airflow', 'tasks', 'run', 'etl_reddit_pipeline_realtime', 'process_reddit_data', 'scheduled__2025-12-10T00:00:00+00:00', '--job-id', '17', '--raw', '--subdir', 'DAGS_FOLDER/redditdag.py', '--cfg-path', '/tmp/tmp33d6mkkk']
[2025-12-11T01:41:19.565+0000] {standard_task_runner.py:85} INFO - Job 17: Subtask process_reddit_data
[2025-12-11T01:41:19.596+0000] {task_command.py:415} INFO - Running <TaskInstance: etl_reddit_pipeline_realtime.process_reddit_data scheduled__2025-12-10T00:00:00+00:00 [running]> on host 0f39f181a760
[2025-12-11T01:41:19.641+0000] {taskinstance.py:1660} INFO - Exporting env vars: AIRFLOW_CTX_DAG_OWNER='Sayuj Chapagain' AIRFLOW_CTX_DAG_ID='etl_reddit_pipeline_realtime' AIRFLOW_CTX_TASK_ID='process_reddit_data' AIRFLOW_CTX_EXECUTION_DATE='2025-12-10T00:00:00+00:00' AIRFLOW_CTX_TRY_NUMBER='1' AIRFLOW_CTX_DAG_RUN_ID='scheduled__2025-12-10T00:00:00+00:00'
[2025-12-11T01:41:19.642+0000] {reddit_processing_pipeline.py:472} INFO - ==================================================
[2025-12-11T01:41:19.642+0000] {reddit_processing_pipeline.py:473} INFO - PROCESSING SINGLE FILE: reddit_20251211
[2025-12-11T01:41:19.642+0000] {reddit_processing_pipeline.py:474} INFO - PHASE: REALTIME
[2025-12-11T01:41:19.643+0000] {reddit_processing_pipeline.py:475} INFO - ==================================================
[2025-12-11T01:41:19.643+0000] {reddit_processing_pipeline.py:477} INFO - STEP 1: Downloading raw data from S3
[2025-12-11T01:41:19.727+0000] {reddit_processing_pipeline.py:94} INFO - Downloading raw/reddit_20251211.csv from bucket reddit-s3
[2025-12-11T01:41:20.968+0000] {reddit_processing_pipeline.py:98} INFO - Successfully loaded 52 records from raw/reddit_20251211.csv
[2025-12-11T01:41:20.970+0000] {reddit_processing_pipeline.py:484} INFO - STEP 2: Cleaning data
[2025-12-11T01:41:20.970+0000] {reddit_processing_pipeline.py:135} INFO - Starting data cleaning...
[2025-12-11T01:41:20.972+0000] {reddit_processing_pipeline.py:138} INFO - Removed 0 duplicate records
[2025-12-11T01:41:20.974+0000] {reddit_processing_pipeline.py:147} INFO - Cleaned data: 52 records remaining
[2025-12-11T01:41:20.974+0000] {reddit_processing_pipeline.py:487} INFO - STEP 3: Performing sentiment analysis
[2025-12-11T01:41:20.974+0000] {reddit_processing_pipeline.py:236} INFO - Initializing enhanced sentiment analysis...
[2025-12-11T01:42:11.169+0000] {log.py:232} WARNING - Device set to use cpu
[2025-12-11T01:42:11.174+0000] {reddit_processing_pipeline.py:246} INFO - Running enhanced sentiment analysis on 52 records...
[2025-12-11T01:43:21.042+0000] {reddit_processing_pipeline.py:310} INFO - Processed batch 7/7
[2025-12-11T01:43:21.069+0000] {reddit_processing_pipeline.py:341} INFO - Enhanced sentiment analysis completed!
[2025-12-11T01:43:21.072+0000] {reddit_processing_pipeline.py:342} INFO - 
Sentiment distribution:
sentiment
NEGATIVE    32
POSITIVE    20
Name: count, dtype: int64
[2025-12-11T01:43:21.073+0000] {reddit_processing_pipeline.py:343} INFO - 
Narrative distribution:
narrative_frame
general_discussion    51
media_freedom          1
Name: count, dtype: int64
[2025-12-11T01:43:21.075+0000] {reddit_processing_pipeline.py:344} INFO - 
Dominant emotion distribution:
dominant_emotion
anger      49
hope        2
sadness     1
Name: count, dtype: int64
[2025-12-11T01:43:21.086+0000] {reddit_processing_pipeline.py:490} INFO - STEP 4: Saving to S3
[2025-12-11T01:43:21.100+0000] {reddit_processing_pipeline.py:361} INFO - Uploading processed data to S3: processed/reddit_20251211_processed.csv
[2025-12-11T01:43:23.054+0000] {reddit_processing_pipeline.py:367} INFO - Successfully uploaded processed data to S3
[2025-12-11T01:43:23.059+0000] {reddit_processing_pipeline.py:493} INFO - STEP 5: Saving to Postgres
[2025-12-11T01:43:23.061+0000] {reddit_processing_pipeline.py:385} INFO - Connecting to Postgres database...
[2025-12-11T01:43:23.064+0000] {reddit_processing_pipeline.py:391} INFO - Saving 52 records to Postgres table 'reddit_sentiment' with phase 'realtime'
[2025-12-11T01:43:23.153+0000] {reddit_processing_pipeline.py:394} INFO - Successfully saved to Postgres!
[2025-12-11T01:43:23.153+0000] {reddit_processing_pipeline.py:496} INFO - ==================================================
[2025-12-11T01:43:23.156+0000] {reddit_processing_pipeline.py:497} INFO - PIPELINE COMPLETED SUCCESSFULLY!
[2025-12-11T01:43:23.159+0000] {reddit_processing_pipeline.py:498} INFO - ==================================================
[2025-12-11T01:43:23.160+0000] {python.py:194} INFO - Done. Returned value was: Processed 52 records
[2025-12-11T01:43:23.191+0000] {taskinstance.py:1398} INFO - Marking task as SUCCESS. dag_id=etl_reddit_pipeline_realtime, task_id=process_reddit_data, execution_date=20251210T000000, start_date=20251211T014119, end_date=20251211T014323
[2025-12-11T01:43:23.315+0000] {local_task_job_runner.py:228} INFO - Task exited with return code 0
[2025-12-11T01:43:23.358+0000] {taskinstance.py:2776} INFO - 0 downstream tasks scheduled from follow-on schedule check
