[2025-12-10T13:37:55.229+0000] {taskinstance.py:1157} INFO - Dependencies all met for dep_context=non-requeueable deps ti=<TaskInstance: process_protest_phase_data.process_during_protest manual__2025-12-10T13:14:29.926464+00:00 [queued]>
[2025-12-10T13:37:55.236+0000] {taskinstance.py:1157} INFO - Dependencies all met for dep_context=requeueable deps ti=<TaskInstance: process_protest_phase_data.process_during_protest manual__2025-12-10T13:14:29.926464+00:00 [queued]>
[2025-12-10T13:37:55.237+0000] {taskinstance.py:1359} INFO - Starting attempt 3 of 3
[2025-12-10T13:37:55.248+0000] {taskinstance.py:1380} INFO - Executing <Task(PythonOperator): process_during_protest> on 2025-12-10 13:14:29.926464+00:00
[2025-12-10T13:37:55.261+0000] {standard_task_runner.py:57} INFO - Started process 186 to run task
[2025-12-10T13:37:55.264+0000] {standard_task_runner.py:84} INFO - Running: ['airflow', 'tasks', 'run', 'process_protest_phase_data', 'process_during_protest', 'manual__2025-12-10T13:14:29.926464+00:00', '--job-id', '22', '--raw', '--subdir', 'DAGS_FOLDER/redditdag.py', '--cfg-path', '/tmp/tmp8h_bs_x_']
[2025-12-10T13:37:55.267+0000] {standard_task_runner.py:85} INFO - Job 22: Subtask process_during_protest
[2025-12-10T13:37:55.303+0000] {task_command.py:415} INFO - Running <TaskInstance: process_protest_phase_data.process_during_protest manual__2025-12-10T13:14:29.926464+00:00 [running]> on host 062487ab5c0d
[2025-12-10T13:37:55.359+0000] {taskinstance.py:1660} INFO - Exporting env vars: AIRFLOW_CTX_DAG_OWNER='Sayuj Chapagain' AIRFLOW_CTX_DAG_ID='process_protest_phase_data' AIRFLOW_CTX_TASK_ID='process_during_protest' AIRFLOW_CTX_EXECUTION_DATE='2025-12-10T13:14:29.926464+00:00' AIRFLOW_CTX_TRY_NUMBER='3' AIRFLOW_CTX_DAG_RUN_ID='manual__2025-12-10T13:14:29.926464+00:00'
[2025-12-10T13:37:55.361+0000] {reddit_processing_pipeline.py:408} INFO - ============================================================
[2025-12-10T13:37:55.361+0000] {reddit_processing_pipeline.py:409} INFO - PROCESSING PHASE: DURING
[2025-12-10T13:37:55.361+0000] {reddit_processing_pipeline.py:410} INFO - Date Range: 20251011 to 20251013
[2025-12-10T13:37:55.361+0000] {reddit_processing_pipeline.py:411} INFO - ============================================================
[2025-12-10T13:37:55.361+0000] {reddit_processing_pipeline.py:414} INFO - STEP 1: Finding files in date range...
[2025-12-10T13:37:56.274+0000] {reddit_processing_pipeline.py:78} INFO - Found file in range: raw/reddit_20251011.csv
[2025-12-10T13:37:56.275+0000] {reddit_processing_pipeline.py:78} INFO - Found file in range: raw/reddit_20251012.csv
[2025-12-10T13:37:56.275+0000] {reddit_processing_pipeline.py:78} INFO - Found file in range: raw/reddit_20251013.csv
[2025-12-10T13:37:56.276+0000] {reddit_processing_pipeline.py:83} INFO - Found 3 files between 20251011 and 20251013
[2025-12-10T13:37:56.277+0000] {reddit_processing_pipeline.py:422} INFO - STEP 2: Downloading and combining files...
[2025-12-10T13:37:56.281+0000] {reddit_processing_pipeline.py:94} INFO - Downloading raw/reddit_20251011.csv from bucket reddit-s3
[2025-12-10T13:38:02.084+0000] {reddit_processing_pipeline.py:98} INFO - Successfully loaded 178 records from raw/reddit_20251011.csv
[2025-12-10T13:38:02.090+0000] {reddit_processing_pipeline.py:94} INFO - Downloading raw/reddit_20251012.csv from bucket reddit-s3
[2025-12-10T13:38:03.309+0000] {reddit_processing_pipeline.py:98} INFO - Successfully loaded 176 records from raw/reddit_20251012.csv
[2025-12-10T13:38:03.315+0000] {reddit_processing_pipeline.py:94} INFO - Downloading raw/reddit_20251013.csv from bucket reddit-s3
[2025-12-10T13:38:04.435+0000] {reddit_processing_pipeline.py:98} INFO - Successfully loaded 165 records from raw/reddit_20251013.csv
[2025-12-10T13:38:04.438+0000] {reddit_processing_pipeline.py:128} INFO - Combined 3 files into 519 total records
[2025-12-10T13:38:04.439+0000] {reddit_processing_pipeline.py:430} INFO - STEP 3: Cleaning data...
[2025-12-10T13:38:04.439+0000] {reddit_processing_pipeline.py:135} INFO - Starting data cleaning...
[2025-12-10T13:38:04.440+0000] {reddit_processing_pipeline.py:138} INFO - Removed 0 duplicate records
[2025-12-10T13:38:04.443+0000] {reddit_processing_pipeline.py:145} INFO - Cleaned data: 519 records remaining
[2025-12-10T13:38:04.443+0000] {reddit_processing_pipeline.py:434} INFO - STEP 4: Performing sentiment analysis...
[2025-12-10T13:38:04.443+0000] {reddit_processing_pipeline.py:234} INFO - Initializing enhanced sentiment analysis...
[2025-12-10T13:38:06.111+0000] {log.py:232} WARNING - Device set to use cpu
[2025-12-10T13:38:06.111+0000] {reddit_processing_pipeline.py:244} INFO - Running enhanced sentiment analysis on 519 records...
[2025-12-10T13:38:39.624+0000] {reddit_processing_pipeline.py:308} INFO - Processed batch 10/65
[2025-12-10T13:39:22.943+0000] {reddit_processing_pipeline.py:308} INFO - Processed batch 20/65
[2025-12-10T13:41:40.660+0000] {reddit_processing_pipeline.py:308} INFO - Processed batch 30/65
[2025-12-10T13:43:24.137+0000] {local_task_job_runner.py:294} WARNING - State of this instance has been externally set to failed. Terminating instance.
[2025-12-10T13:43:24.140+0000] {process_utils.py:131} INFO - Sending 15 to group 186. PIDs of all processes in the group: [186]
[2025-12-10T13:43:24.142+0000] {process_utils.py:86} INFO - Sending the signal 15 to group 186
[2025-12-10T13:43:24.155+0000] {taskinstance.py:1630} ERROR - Received SIGTERM. Terminating subprocesses.
[2025-12-10T13:43:24.159+0000] {reddit_processing_pipeline.py:298} WARNING - Error in batch 38: Task received SIGTERM signal
[2025-12-10T13:43:36.401+0000] {local_task_job_runner.py:115} ERROR - Received SIGTERM. Terminating subprocesses
[2025-12-10T13:43:36.416+0000] {process_utils.py:131} INFO - Sending 15 to group 186. PIDs of all processes in the group: [186]
[2025-12-10T13:43:36.417+0000] {process_utils.py:86} INFO - Sending the signal 15 to group 186
[2025-12-10T13:43:36.468+0000] {taskinstance.py:1630} ERROR - Received SIGTERM. Terminating subprocesses.
[2025-12-10T13:43:36.475+0000] {reddit_processing_pipeline.py:298} WARNING - Error in batch 39: Task received SIGTERM signal
