[2025-12-10T13:38:53.780+0000] {taskinstance.py:1157} INFO - Dependencies all met for dep_context=non-requeueable deps ti=<TaskInstance: process_protest_phase_data.process_before_protest manual__2025-12-10T13:14:29.926464+00:00 [queued]>
[2025-12-10T13:38:53.803+0000] {taskinstance.py:1157} INFO - Dependencies all met for dep_context=requeueable deps ti=<TaskInstance: process_protest_phase_data.process_before_protest manual__2025-12-10T13:14:29.926464+00:00 [queued]>
[2025-12-10T13:38:53.812+0000] {taskinstance.py:1359} INFO - Starting attempt 2 of 3
[2025-12-10T13:38:53.843+0000] {taskinstance.py:1380} INFO - Executing <Task(PythonOperator): process_before_protest> on 2025-12-10 13:14:29.926464+00:00
[2025-12-10T13:38:53.882+0000] {standard_task_runner.py:57} INFO - Started process 206 to run task
[2025-12-10T13:38:53.893+0000] {standard_task_runner.py:84} INFO - Running: ['airflow', 'tasks', 'run', 'process_protest_phase_data', 'process_before_protest', 'manual__2025-12-10T13:14:29.926464+00:00', '--job-id', '23', '--raw', '--subdir', 'DAGS_FOLDER/redditdag.py', '--cfg-path', '/tmp/tmp1tpw4w8s']
[2025-12-10T13:38:53.903+0000] {standard_task_runner.py:85} INFO - Job 23: Subtask process_before_protest
[2025-12-10T13:38:53.982+0000] {task_command.py:415} INFO - Running <TaskInstance: process_protest_phase_data.process_before_protest manual__2025-12-10T13:14:29.926464+00:00 [running]> on host 062487ab5c0d
[2025-12-10T13:38:54.153+0000] {taskinstance.py:1660} INFO - Exporting env vars: AIRFLOW_CTX_DAG_OWNER='Sayuj Chapagain' AIRFLOW_CTX_DAG_ID='process_protest_phase_data' AIRFLOW_CTX_TASK_ID='process_before_protest' AIRFLOW_CTX_EXECUTION_DATE='2025-12-10T13:14:29.926464+00:00' AIRFLOW_CTX_TRY_NUMBER='2' AIRFLOW_CTX_DAG_RUN_ID='manual__2025-12-10T13:14:29.926464+00:00'
[2025-12-10T13:38:54.158+0000] {reddit_processing_pipeline.py:408} INFO - ============================================================
[2025-12-10T13:38:54.161+0000] {reddit_processing_pipeline.py:409} INFO - PROCESSING PHASE: BEFORE
[2025-12-10T13:38:54.161+0000] {reddit_processing_pipeline.py:410} INFO - Date Range: 20251001 to 20251010
[2025-12-10T13:38:54.162+0000] {reddit_processing_pipeline.py:411} INFO - ============================================================
[2025-12-10T13:38:54.164+0000] {reddit_processing_pipeline.py:414} INFO - STEP 1: Finding files in date range...
[2025-12-10T13:38:55.270+0000] {reddit_processing_pipeline.py:78} INFO - Found file in range: raw/reddit_20251001.csv
[2025-12-10T13:38:55.274+0000] {reddit_processing_pipeline.py:78} INFO - Found file in range: raw/reddit_20251002.csv
[2025-12-10T13:38:55.277+0000] {reddit_processing_pipeline.py:78} INFO - Found file in range: raw/reddit_20251003.csv
[2025-12-10T13:38:55.277+0000] {reddit_processing_pipeline.py:78} INFO - Found file in range: raw/reddit_20251004.csv
[2025-12-10T13:38:55.278+0000] {reddit_processing_pipeline.py:78} INFO - Found file in range: raw/reddit_20251005.csv
[2025-12-10T13:38:55.280+0000] {reddit_processing_pipeline.py:78} INFO - Found file in range: raw/reddit_20251006.csv
[2025-12-10T13:38:55.282+0000] {reddit_processing_pipeline.py:78} INFO - Found file in range: raw/reddit_20251007.csv
[2025-12-10T13:38:55.284+0000] {reddit_processing_pipeline.py:78} INFO - Found file in range: raw/reddit_20251008.csv
[2025-12-10T13:38:55.284+0000] {reddit_processing_pipeline.py:78} INFO - Found file in range: raw/reddit_20251009.csv
[2025-12-10T13:38:55.285+0000] {reddit_processing_pipeline.py:78} INFO - Found file in range: raw/reddit_20251010.csv
[2025-12-10T13:38:55.286+0000] {reddit_processing_pipeline.py:83} INFO - Found 10 files between 20251001 and 20251010
[2025-12-10T13:38:55.292+0000] {reddit_processing_pipeline.py:422} INFO - STEP 2: Downloading and combining files...
[2025-12-10T13:38:55.338+0000] {reddit_processing_pipeline.py:94} INFO - Downloading raw/reddit_20251001.csv from bucket reddit-s3
[2025-12-10T13:38:56.461+0000] {reddit_processing_pipeline.py:98} INFO - Successfully loaded 141 records from raw/reddit_20251001.csv
[2025-12-10T13:38:56.484+0000] {reddit_processing_pipeline.py:94} INFO - Downloading raw/reddit_20251002.csv from bucket reddit-s3
[2025-12-10T13:38:57.379+0000] {reddit_processing_pipeline.py:98} INFO - Successfully loaded 112 records from raw/reddit_20251002.csv
[2025-12-10T13:38:57.402+0000] {reddit_processing_pipeline.py:94} INFO - Downloading raw/reddit_20251003.csv from bucket reddit-s3
[2025-12-10T13:38:58.341+0000] {reddit_processing_pipeline.py:98} INFO - Successfully loaded 88 records from raw/reddit_20251003.csv
[2025-12-10T13:38:58.365+0000] {reddit_processing_pipeline.py:94} INFO - Downloading raw/reddit_20251004.csv from bucket reddit-s3
[2025-12-10T13:38:59.318+0000] {reddit_processing_pipeline.py:98} INFO - Successfully loaded 113 records from raw/reddit_20251004.csv
[2025-12-10T13:38:59.340+0000] {reddit_processing_pipeline.py:94} INFO - Downloading raw/reddit_20251005.csv from bucket reddit-s3
[2025-12-10T13:39:00.342+0000] {reddit_processing_pipeline.py:98} INFO - Successfully loaded 124 records from raw/reddit_20251005.csv
[2025-12-10T13:39:00.366+0000] {reddit_processing_pipeline.py:94} INFO - Downloading raw/reddit_20251006.csv from bucket reddit-s3
[2025-12-10T13:39:01.270+0000] {reddit_processing_pipeline.py:98} INFO - Successfully loaded 177 records from raw/reddit_20251006.csv
[2025-12-10T13:39:01.298+0000] {reddit_processing_pipeline.py:94} INFO - Downloading raw/reddit_20251007.csv from bucket reddit-s3
[2025-12-10T13:39:02.231+0000] {reddit_processing_pipeline.py:98} INFO - Successfully loaded 173 records from raw/reddit_20251007.csv
[2025-12-10T13:39:02.251+0000] {reddit_processing_pipeline.py:94} INFO - Downloading raw/reddit_20251008.csv from bucket reddit-s3
[2025-12-10T13:39:03.482+0000] {reddit_processing_pipeline.py:98} INFO - Successfully loaded 206 records from raw/reddit_20251008.csv
[2025-12-10T13:39:03.507+0000] {reddit_processing_pipeline.py:94} INFO - Downloading raw/reddit_20251009.csv from bucket reddit-s3
[2025-12-10T13:39:04.662+0000] {reddit_processing_pipeline.py:98} INFO - Successfully loaded 250 records from raw/reddit_20251009.csv
[2025-12-10T13:39:04.678+0000] {reddit_processing_pipeline.py:94} INFO - Downloading raw/reddit_20251010.csv from bucket reddit-s3
[2025-12-10T13:39:05.778+0000] {reddit_processing_pipeline.py:98} INFO - Successfully loaded 203 records from raw/reddit_20251010.csv
[2025-12-10T13:39:05.791+0000] {reddit_processing_pipeline.py:128} INFO - Combined 10 files into 1587 total records
[2025-12-10T13:39:05.795+0000] {reddit_processing_pipeline.py:430} INFO - STEP 3: Cleaning data...
[2025-12-10T13:39:05.795+0000] {reddit_processing_pipeline.py:135} INFO - Starting data cleaning...
[2025-12-10T13:39:05.798+0000] {reddit_processing_pipeline.py:138} INFO - Removed 0 duplicate records
[2025-12-10T13:39:05.809+0000] {reddit_processing_pipeline.py:145} INFO - Cleaned data: 1587 records remaining
[2025-12-10T13:39:05.810+0000] {reddit_processing_pipeline.py:434} INFO - STEP 4: Performing sentiment analysis...
[2025-12-10T13:39:05.810+0000] {reddit_processing_pipeline.py:234} INFO - Initializing enhanced sentiment analysis...
[2025-12-10T13:39:07.769+0000] {log.py:232} WARNING - Device set to use cpu
[2025-12-10T13:39:07.773+0000] {reddit_processing_pipeline.py:244} INFO - Running enhanced sentiment analysis on 1587 records...
[2025-12-10T13:39:07.774+0000] {reddit_processing_pipeline.py:248} WARNING - Processing first 1000 records
[2025-12-10T13:41:18.926+0000] {reddit_processing_pipeline.py:308} INFO - Processed batch 10/125
[2025-12-10T13:43:11.888+0000] {local_task_job_runner.py:294} WARNING - State of this instance has been externally set to failed. Terminating instance.
[2025-12-10T13:43:11.918+0000] {process_utils.py:131} INFO - Sending 15 to group 206. PIDs of all processes in the group: [206]
[2025-12-10T13:43:11.920+0000] {process_utils.py:86} INFO - Sending the signal 15 to group 206
[2025-12-10T13:43:11.945+0000] {taskinstance.py:1630} ERROR - Received SIGTERM. Terminating subprocesses.
[2025-12-10T13:43:11.949+0000] {reddit_processing_pipeline.py:298} WARNING - Error in batch 19: Task received SIGTERM signal
[2025-12-10T13:43:26.114+0000] {reddit_processing_pipeline.py:308} INFO - Processed batch 20/125
[2025-12-10T13:43:36.390+0000] {local_task_job_runner.py:115} ERROR - Received SIGTERM. Terminating subprocesses
[2025-12-10T13:43:36.397+0000] {process_utils.py:131} INFO - Sending 15 to group 206. PIDs of all processes in the group: [206]
[2025-12-10T13:43:36.409+0000] {process_utils.py:86} INFO - Sending the signal 15 to group 206
[2025-12-10T13:43:36.427+0000] {taskinstance.py:1630} ERROR - Received SIGTERM. Terminating subprocesses.
[2025-12-10T13:43:36.431+0000] {reddit_processing_pipeline.py:298} WARNING - Error in batch 21: Task received SIGTERM signal
