[2025-12-09T00:00:21.602+0000] {taskinstance.py:1157} INFO - Dependencies all met for dep_context=non-requeueable deps ti=<TaskInstance: etl_reddit_pipeline.process_reddit_data scheduled__2025-12-08T00:00:00+00:00 [queued]>
[2025-12-09T00:00:21.608+0000] {taskinstance.py:1157} INFO - Dependencies all met for dep_context=requeueable deps ti=<TaskInstance: etl_reddit_pipeline.process_reddit_data scheduled__2025-12-08T00:00:00+00:00 [queued]>
[2025-12-09T00:00:21.608+0000] {taskinstance.py:1359} INFO - Starting attempt 1 of 3
[2025-12-09T00:00:21.615+0000] {taskinstance.py:1380} INFO - Executing <Task(PythonOperator): process_reddit_data> on 2025-12-08 00:00:00+00:00
[2025-12-09T00:00:21.625+0000] {standard_task_runner.py:57} INFO - Started process 161 to run task
[2025-12-09T00:00:21.629+0000] {standard_task_runner.py:84} INFO - Running: ['airflow', 'tasks', 'run', 'etl_reddit_pipeline', 'process_reddit_data', 'scheduled__2025-12-08T00:00:00+00:00', '--job-id', '22', '--raw', '--subdir', 'DAGS_FOLDER/redditdag.py', '--cfg-path', '/tmp/tmp5qimwj59']
[2025-12-09T00:00:21.632+0000] {standard_task_runner.py:85} INFO - Job 22: Subtask process_reddit_data
[2025-12-09T00:00:21.663+0000] {task_command.py:415} INFO - Running <TaskInstance: etl_reddit_pipeline.process_reddit_data scheduled__2025-12-08T00:00:00+00:00 [running]> on host 62598470f30e
[2025-12-09T00:00:21.711+0000] {taskinstance.py:1660} INFO - Exporting env vars: AIRFLOW_CTX_DAG_OWNER='Sayuj Chapagain' AIRFLOW_CTX_DAG_ID='etl_reddit_pipeline' AIRFLOW_CTX_TASK_ID='process_reddit_data' AIRFLOW_CTX_EXECUTION_DATE='2025-12-08T00:00:00+00:00' AIRFLOW_CTX_TRY_NUMBER='1' AIRFLOW_CTX_DAG_RUN_ID='scheduled__2025-12-08T00:00:00+00:00'
[2025-12-09T00:00:21.713+0000] {reddit_processing_pipeline.py:377} INFO - ==================================================
[2025-12-09T00:00:21.713+0000] {reddit_processing_pipeline.py:378} INFO - STEP 1: Downloading raw data from S3
[2025-12-09T00:00:21.713+0000] {reddit_processing_pipeline.py:379} INFO - ==================================================
[2025-12-09T00:00:21.771+0000] {reddit_processing_pipeline.py:41} INFO - Downloading raw/reddit_20251209.csv from bucket reddit-s3
[2025-12-09T00:00:22.624+0000] {reddit_processing_pipeline.py:45} INFO - Successfully loaded 62 records from S3
[2025-12-09T00:00:22.626+0000] {reddit_processing_pipeline.py:382} INFO - ==================================================
[2025-12-09T00:00:22.627+0000] {reddit_processing_pipeline.py:383} INFO - STEP 2: Cleaning data
[2025-12-09T00:00:22.627+0000] {reddit_processing_pipeline.py:384} INFO - ==================================================
[2025-12-09T00:00:22.627+0000] {reddit_processing_pipeline.py:54} INFO - Starting data cleaning...
[2025-12-09T00:00:22.628+0000] {reddit_processing_pipeline.py:57} INFO - Removed 0 duplicate records
[2025-12-09T00:00:22.631+0000] {reddit_processing_pipeline.py:64} INFO - Cleaned data: 62 records remaining
[2025-12-09T00:00:22.631+0000] {reddit_processing_pipeline.py:387} INFO - ==================================================
[2025-12-09T00:00:22.631+0000] {reddit_processing_pipeline.py:388} INFO - STEP 3: Performing enhanced sentiment analysis
[2025-12-09T00:00:22.631+0000] {reddit_processing_pipeline.py:389} INFO - ==================================================
[2025-12-09T00:00:22.631+0000] {reddit_processing_pipeline.py:189} INFO - Initializing enhanced sentiment analysis...
[2025-12-09T00:00:24.453+0000] {log.py:232} WARNING - Device set to use cpu
[2025-12-09T00:00:24.454+0000] {reddit_processing_pipeline.py:200} INFO - Running enhanced sentiment analysis on 62 records...
[2025-12-09T00:00:25.232+0000] {reddit_processing_pipeline.py:273} INFO - Processed batch 5/16
[2025-12-09T00:00:25.610+0000] {reddit_processing_pipeline.py:273} INFO - Processed batch 10/16
[2025-12-09T00:00:25.990+0000] {reddit_processing_pipeline.py:273} INFO - Processed batch 15/16
[2025-12-09T00:00:26.026+0000] {reddit_processing_pipeline.py:273} INFO - Processed batch 16/16
[2025-12-09T00:00:26.033+0000] {reddit_processing_pipeline.py:311} INFO - Enhanced sentiment analysis completed!
[2025-12-09T00:00:26.035+0000] {reddit_processing_pipeline.py:312} INFO - 
Sentiment distribution:
sentiment
NEGATIVE    41
POSITIVE    21
Name: count, dtype: int64
[2025-12-09T00:00:26.036+0000] {reddit_processing_pipeline.py:313} INFO - 
Narrative distribution:
narrative_frame
general_discussion    59
reform_advocacy        3
Name: count, dtype: int64
[2025-12-09T00:00:26.037+0000] {reddit_processing_pipeline.py:314} INFO - 
Dominant emotion distribution:
dominant_emotion
anger          54
frustration     4
hope            3
joy             1
Name: count, dtype: int64
[2025-12-09T00:00:26.045+0000] {reddit_processing_pipeline.py:392} INFO - ==================================================
[2025-12-09T00:00:26.045+0000] {reddit_processing_pipeline.py:393} INFO - STEP 4: Saving to S3
[2025-12-09T00:00:26.045+0000] {reddit_processing_pipeline.py:394} INFO - ==================================================
[2025-12-09T00:00:26.052+0000] {reddit_processing_pipeline.py:332} INFO - Uploading processed data to S3: processed/reddit_20251209_processed.csv
[2025-12-09T00:00:32.351+0000] {reddit_processing_pipeline.py:338} INFO - Successfully uploaded processed data to S3
[2025-12-09T00:00:32.352+0000] {reddit_processing_pipeline.py:397} INFO - ==================================================
[2025-12-09T00:00:32.353+0000] {reddit_processing_pipeline.py:398} INFO - STEP 5: Saving to Postgres
[2025-12-09T00:00:32.353+0000] {reddit_processing_pipeline.py:399} INFO - ==================================================
[2025-12-09T00:00:32.353+0000] {reddit_processing_pipeline.py:356} INFO - Connecting to Postgres database...
[2025-12-09T00:00:32.354+0000] {reddit_processing_pipeline.py:361} INFO - Saving 62 records to Postgres table 'reddit_sentiment'
[2025-12-09T00:00:32.414+0000] {reddit_processing_pipeline.py:364} INFO - Successfully saved to Postgres!
[2025-12-09T00:00:32.414+0000] {reddit_processing_pipeline.py:402} INFO - ==================================================
[2025-12-09T00:00:32.415+0000] {reddit_processing_pipeline.py:403} INFO - PIPELINE COMPLETED SUCCESSFULLY!
[2025-12-09T00:00:32.415+0000] {reddit_processing_pipeline.py:404} INFO - ==================================================
[2025-12-09T00:00:32.416+0000] {python.py:194} INFO - Done. Returned value was: Processed 62 records
[2025-12-09T00:00:32.429+0000] {taskinstance.py:1398} INFO - Marking task as SUCCESS. dag_id=etl_reddit_pipeline, task_id=process_reddit_data, execution_date=20251208T000000, start_date=20251209T000021, end_date=20251209T000032
[2025-12-09T00:00:32.471+0000] {local_task_job_runner.py:228} INFO - Task exited with return code 0
[2025-12-09T00:00:32.483+0000] {taskinstance.py:2776} INFO - 0 downstream tasks scheduled from follow-on schedule check
