[2025-12-08T12:33:35.773+0000] {taskinstance.py:1157} INFO - Dependencies all met for dep_context=non-requeueable deps ti=<TaskInstance: etl_reddit_pipeline.process_reddit_data manual__2025-12-08T12:28:05.625306+00:00 [queued]>
[2025-12-08T12:33:35.779+0000] {taskinstance.py:1157} INFO - Dependencies all met for dep_context=requeueable deps ti=<TaskInstance: etl_reddit_pipeline.process_reddit_data manual__2025-12-08T12:28:05.625306+00:00 [queued]>
[2025-12-08T12:33:35.779+0000] {taskinstance.py:1359} INFO - Starting attempt 1 of 3
[2025-12-08T12:33:35.788+0000] {taskinstance.py:1380} INFO - Executing <Task(PythonOperator): process_reddit_data> on 2025-12-08 12:28:05.625306+00:00
[2025-12-08T12:33:35.799+0000] {standard_task_runner.py:57} INFO - Started process 68 to run task
[2025-12-08T12:33:35.804+0000] {standard_task_runner.py:84} INFO - Running: ['airflow', 'tasks', 'run', 'etl_reddit_pipeline', 'process_reddit_data', 'manual__2025-12-08T12:28:05.625306+00:00', '--job-id', '63', '--raw', '--subdir', 'DAGS_FOLDER/redditdag.py', '--cfg-path', '/tmp/tmpwlfxlhl2']
[2025-12-08T12:33:35.807+0000] {standard_task_runner.py:85} INFO - Job 63: Subtask process_reddit_data
[2025-12-08T12:33:35.852+0000] {task_command.py:415} INFO - Running <TaskInstance: etl_reddit_pipeline.process_reddit_data manual__2025-12-08T12:28:05.625306+00:00 [running]> on host dd5a4e48c1d2
[2025-12-08T12:33:35.969+0000] {taskinstance.py:1660} INFO - Exporting env vars: AIRFLOW_CTX_DAG_OWNER='Sayuj Chapagain' AIRFLOW_CTX_DAG_ID='etl_reddit_pipeline' AIRFLOW_CTX_TASK_ID='process_reddit_data' AIRFLOW_CTX_EXECUTION_DATE='2025-12-08T12:28:05.625306+00:00' AIRFLOW_CTX_TRY_NUMBER='1' AIRFLOW_CTX_DAG_RUN_ID='manual__2025-12-08T12:28:05.625306+00:00'
[2025-12-08T12:33:35.972+0000] {reddit_processing_pipeline.py:235} INFO - ==================================================
[2025-12-08T12:33:35.973+0000] {reddit_processing_pipeline.py:236} INFO - STEP 1: Downloading raw data from S3
[2025-12-08T12:33:35.973+0000] {reddit_processing_pipeline.py:237} INFO - ==================================================
[2025-12-08T12:33:36.331+0000] {reddit_processing_pipeline.py:39} INFO - Downloading raw/reddit_20251208.csv from bucket reddit-s3
[2025-12-08T12:33:37.176+0000] {reddit_processing_pipeline.py:45} INFO - Successfully loaded 40 records from S3
[2025-12-08T12:33:37.180+0000] {reddit_processing_pipeline.py:241} INFO - ==================================================
[2025-12-08T12:33:37.181+0000] {reddit_processing_pipeline.py:242} INFO - STEP 2: Cleaning data
[2025-12-08T12:33:37.182+0000] {reddit_processing_pipeline.py:243} INFO - ==================================================
[2025-12-08T12:33:37.182+0000] {reddit_processing_pipeline.py:55} INFO - Starting data cleaning...
[2025-12-08T12:33:37.189+0000] {reddit_processing_pipeline.py:60} INFO - Removed 0 duplicate records
[2025-12-08T12:33:37.205+0000] {reddit_processing_pipeline.py:75} INFO - Cleaned data: 40 records remaining
[2025-12-08T12:33:37.208+0000] {reddit_processing_pipeline.py:247} INFO - ==================================================
[2025-12-08T12:33:37.209+0000] {reddit_processing_pipeline.py:248} INFO - STEP 3: Performing sentiment analysis
[2025-12-08T12:33:37.209+0000] {reddit_processing_pipeline.py:249} INFO - ==================================================
[2025-12-08T12:33:37.209+0000] {reddit_processing_pipeline.py:87} INFO - Initializing sentiment analysis model...
[2025-12-08T12:33:39.611+0000] {local_task_job_runner.py:228} INFO - Task exited with return code -9
[2025-12-08T12:33:39.707+0000] {taskinstance.py:2776} INFO - 0 downstream tasks scheduled from follow-on schedule check
